Wireshark SSL debug log 

Wireshark version: 2.6.10 (Git v2.6.10 packaged as 2.6.10-1~ubuntu18.04.0)
GnuTLS version:    3.5.18
Libgcrypt version: 1.8.1


dissect_ssl enter frame #6 (first time)
packet_from_server: is from server - FALSE
  conversation = 0x7f15c508a2e0, ssl_session = 0x7f15c508ae50
  record: offset = 0, reported_length_remaining = 517
dissect_ssl3_record: content_type 22 Handshake
decrypt_ssl3_record: app_data len 512, ssl state 0x00
packet_from_server: is from server - FALSE
decrypt_ssl3_record: using client decoder
decrypt_ssl3_record: no decoder available
dissect_ssl3_handshake iteration 1 type 1 offset 5 length 508 bytes, remaining 517 
Calculating hash with offset 5 512
ssl_dissect_hnd_hello_common found CLIENT RANDOM -> state 0x01

dissect_ssl enter frame #8 (first time)
packet_from_server: is from server - TRUE
  conversation = 0x7f15c508a2e0, ssl_session = 0x7f15c508ae50
  record: offset = 0, reported_length_remaining = 851
ssl_try_set_version found version 0x0303 -> state 0x11
dissect_ssl3_record: content_type 22 Handshake
decrypt_ssl3_record: app_data len 106, ssl state 0x11
packet_from_server: is from server - TRUE
decrypt_ssl3_record: using server decoder
decrypt_ssl3_record: no decoder available
dissect_ssl3_handshake iteration 1 type 2 offset 5 length 102 bytes, remaining 111 
ssl_try_set_version found version 0x0303 -> state 0x11
Calculating hash with offset 5 106
ssl_dissect_hnd_hello_common found SERVER RANDOM -> state 0x13
ssl_set_cipher found CIPHER 0xC02F TLS_ECDHE_RSA_WITH_AES_128_GCM_SHA256 -> state 0x17
ssl_dissect_hnd_hello_ext_alpn: changing handle (nil) to 0x7f15c86f2b20 (http2)trying to use SSL keylog in /home/ubuntu18/diploma-1/dpl/ssl_keys/trykeyhttp.key
  checking keylog line: nghttp2/v0.7.3-74-g795a22a spdylay/v1.3.1-16-gf4bcaee openssl/1.0.2 CLIENT_RANDOM 8E83073C735EE9A9D7C471CF9E58E2CDF49FAC8CDE59A4484FC20B8CA17C9E30 A97655616C73DBA996B7A9EACAD4D658D8C2260674798DC843854F57C848D92DAF4F06A9D8BEB45F38C407BD7EB20FD4
    unrecognized line
tls13_load_secret TLS version 0x303 is not 1.3
tls13_load_secret TLS version 0x303 is not 1.3
  record: offset = 111, reported_length_remaining = 740
dissect_ssl3_record: content_type 22 Handshake
decrypt_ssl3_record: app_data len 516, ssl state 0x17
packet_from_server: is from server - TRUE
decrypt_ssl3_record: using server decoder
decrypt_ssl3_record: no decoder available
dissect_ssl3_handshake iteration 1 type 11 offset 116 length 512 bytes, remaining 632 
Calculating hash with offset 116 516
lookup(KeyID)[20]:
| 0d e5 1a 4b 99 f2 80 31 20 a1 0b 0c ef 33 89 62 |...K...1 ....3.b|
| ff a1 c3 f5                                     |....            |
ssl_find_private_key_by_pubkey: lookup result: (nil)
  record: offset = 632, reported_length_remaining = 219
dissect_ssl3_record: content_type 22 Handshake
decrypt_ssl3_record: app_data len 205, ssl state 0x17
packet_from_server: is from server - TRUE
decrypt_ssl3_record: using server decoder
decrypt_ssl3_record: no decoder available
dissect_ssl3_handshake iteration 1 type 12 offset 637 length 201 bytes, remaining 842 
Calculating hash with offset 637 205
  record: offset = 842, reported_length_remaining = 9
dissect_ssl3_record: content_type 22 Handshake
decrypt_ssl3_record: app_data len 4, ssl state 0x17
packet_from_server: is from server - TRUE
decrypt_ssl3_record: using server decoder
decrypt_ssl3_record: no decoder available
dissect_ssl3_handshake iteration 1 type 14 offset 847 length 0 bytes, remaining 851 
Calculating hash with offset 847 4

dissect_ssl enter frame #10 (first time)
packet_from_server: is from server - FALSE
  conversation = 0x7f15c508a2e0, ssl_session = 0x7f15c508ae50
  record: offset = 0, reported_length_remaining = 126
dissect_ssl3_record: content_type 22 Handshake
decrypt_ssl3_record: app_data len 70, ssl state 0x17
packet_from_server: is from server - FALSE
decrypt_ssl3_record: using client decoder
decrypt_ssl3_record: no decoder available
dissect_ssl3_handshake iteration 1 type 16 offset 5 length 66 bytes, remaining 75 
Calculating hash with offset 5 70
trying to use SSL keylog in /home/ubuntu18/diploma-1/dpl/ssl_keys/trykeyhttp.key
ssl_generate_pre_master_secret: found SSL_HND_CLIENT_KEY_EXCHG, state 17
ssl_restore_master_key can't find pre-master secret by Unencrypted pre-master secret
ssl_restore_master_key can't find pre-master secret by Encrypted pre-master secret
dissect_ssl3_handshake can't generate pre master secret
  record: offset = 75, reported_length_remaining = 51
dissect_ssl3_record: content_type 20 Change Cipher Spec
decrypt_ssl3_record: app_data len 1, ssl state 0x17
packet_from_server: is from server - FALSE
decrypt_ssl3_record: using client decoder
decrypt_ssl3_record: no decoder available
trying to use SSL keylog in /home/ubuntu18/diploma-1/dpl/ssl_keys/trykeyhttp.key
ssl_finalize_decryption state = 0x17
ssl_restore_master_key can't find master secret by Session ID
ssl_restore_master_key can't find master secret by Client Random
  Cannot find master secret
packet_from_server: is from server - FALSE
ssl_change_cipher CLIENT
  record: offset = 81, reported_length_remaining = 45
dissect_ssl3_record: content_type 22 Handshake
decrypt_ssl3_record: app_data len 40, ssl state 0x17
packet_from_server: is from server - FALSE
decrypt_ssl3_record: using client decoder
decrypt_ssl3_record: no decoder available
dissect_ssl3_handshake iteration 1 type 149 offset 86 length 5131104 bytes, remaining 126 

dissect_ssl enter frame #11 (first time)
packet_from_server: is from server - TRUE
  conversation = 0x7f15c508a2e0, ssl_session = 0x7f15c508ae50
  record: offset = 0, reported_length_remaining = 51
dissect_ssl3_record: content_type 20 Change Cipher Spec
decrypt_ssl3_record: app_data len 1, ssl state 0x17
packet_from_server: is from server - TRUE
decrypt_ssl3_record: using server decoder
decrypt_ssl3_record: no decoder available
ssl_dissect_change_cipher_spec Not using Session resumption
trying to use SSL keylog in /home/ubuntu18/diploma-1/dpl/ssl_keys/trykeyhttp.key
ssl_finalize_decryption state = 0x17
ssl_restore_master_key can't find master secret by Session ID
ssl_restore_master_key can't find master secret by Client Random
  Cannot find master secret
packet_from_server: is from server - TRUE
ssl_change_cipher SERVER
  record: offset = 6, reported_length_remaining = 45
dissect_ssl3_record: content_type 22 Handshake
decrypt_ssl3_record: app_data len 40, ssl state 0x17
packet_from_server: is from server - TRUE
decrypt_ssl3_record: using server decoder
decrypt_ssl3_record: no decoder available
dissect_ssl3_handshake iteration 1 type 255 offset 11 length 117085 bytes, remaining 51 

dissect_ssl enter frame #12 (first time)
packet_from_server: is from server - FALSE
  conversation = 0x7f15c508a2e0, ssl_session = 0x7f15c508ae50
  record: offset = 0, reported_length_remaining = 53
dissect_ssl3_record: content_type 23 Application Data
decrypt_ssl3_record: app_data len 48, ssl state 0x17
packet_from_server: is from server - FALSE
decrypt_ssl3_record: using client decoder
decrypt_ssl3_record: no decoder available

dissect_ssl enter frame #13 (first time)
packet_from_server: is from server - TRUE
  conversation = 0x7f15c508a2e0, ssl_session = 0x7f15c508ae50
  record: offset = 0, reported_length_remaining = 44
dissect_ssl3_record: content_type 23 Application Data
decrypt_ssl3_record: app_data len 39, ssl state 0x17
packet_from_server: is from server - TRUE
decrypt_ssl3_record: using server decoder
decrypt_ssl3_record: no decoder available

dissect_ssl enter frame #14 (first time)
packet_from_server: is from server - FALSE
  conversation = 0x7f15c508a2e0, ssl_session = 0x7f15c508ae50
  record: offset = 0, reported_length_remaining = 91
dissect_ssl3_record: content_type 23 Application Data
decrypt_ssl3_record: app_data len 86, ssl state 0x17
packet_from_server: is from server - FALSE
decrypt_ssl3_record: using client decoder
decrypt_ssl3_record: no decoder available

dissect_ssl enter frame #15 (first time)
packet_from_server: is from server - FALSE
  conversation = 0x7f15c508a2e0, ssl_session = 0x7f15c508ae50
  record: offset = 0, reported_length_remaining = 38
dissect_ssl3_record: content_type 23 Application Data
decrypt_ssl3_record: app_data len 33, ssl state 0x17
packet_from_server: is from server - FALSE
decrypt_ssl3_record: using client decoder
decrypt_ssl3_record: no decoder available

dissect_ssl enter frame #17 (first time)
packet_from_server: is from server - TRUE
  conversation = 0x7f15c508a2e0, ssl_session = 0x7f15c508ae50
  record: offset = 0, reported_length_remaining = 252
dissect_ssl3_record: content_type 23 Application Data
decrypt_ssl3_record: app_data len 247, ssl state 0x17
packet_from_server: is from server - TRUE
decrypt_ssl3_record: using server decoder
decrypt_ssl3_record: no decoder available

dissect_ssl enter frame #18 (first time)
packet_from_server: is from server - FALSE
  conversation = 0x7f15c508a2e0, ssl_session = 0x7f15c508ae50
  record: offset = 0, reported_length_remaining = 46
dissect_ssl3_record: content_type 23 Application Data
decrypt_ssl3_record: app_data len 41, ssl state 0x17
packet_from_server: is from server - FALSE
decrypt_ssl3_record: using client decoder
decrypt_ssl3_record: no decoder available

dissect_ssl enter frame #19 (first time)
packet_from_server: is from server - FALSE
  conversation = 0x7f15c508a2e0, ssl_session = 0x7f15c508ae50
  record: offset = 0, reported_length_remaining = 31
dissect_ssl3_record: content_type 21 Alert
decrypt_ssl3_record: app_data len 26, ssl state 0x17
packet_from_server: is from server - FALSE
decrypt_ssl3_record: using client decoder
decrypt_ssl3_record: no decoder available

dissect_ssl enter frame #21 (first time)
packet_from_server: is from server - TRUE
  conversation = 0x7f15c508a2e0, ssl_session = 0x7f15c508ae50
  record: offset = 0, reported_length_remaining = 31
dissect_ssl3_record: content_type 21 Alert
decrypt_ssl3_record: app_data len 26, ssl state 0x17
packet_from_server: is from server - TRUE
decrypt_ssl3_record: using server decoder
decrypt_ssl3_record: no decoder available
