Wireshark SSL debug log 

Wireshark version: 2.6.10 (Git v2.6.10 packaged as 2.6.10-1~ubuntu18.04.0)
GnuTLS version:    3.5.18
Libgcrypt version: 1.8.1

ssl_starttls: old frame 0, app_handle=(nil) ((null))
ssl_starttls: current frame 11, app_handle=0x7fc217246670 (imap)

dissect_ssl enter frame #12 (first time)
packet_from_server: is from server - FALSE
  conversation = 0x7fc20f82db00, ssl_session = 0x7fc20f82f780
  record: offset = 0, reported_length_remaining = 362
dissect_ssl3_record: content_type 22 Handshake
decrypt_ssl3_record: app_data len 357, ssl state 0x00
packet_from_server: is from server - FALSE
decrypt_ssl3_record: using client decoder
decrypt_ssl3_record: no decoder available
dissect_ssl3_handshake iteration 1 type 1 offset 5 length 353 bytes, remaining 362 
Calculating hash with offset 5 357
ssl_dissect_hnd_hello_common found CLIENT RANDOM -> state 0x01

dissect_ssl enter frame #14 (first time)
packet_from_server: is from server - TRUE
  conversation = 0x7fc20f82db00, ssl_session = 0x7fc20f82f780
  record: offset = 0, reported_length_remaining = 1388
ssl_try_set_version found version 0x0303 -> state 0x11
dissect_ssl3_record: content_type 22 Handshake
decrypt_ssl3_record: app_data len 66, ssl state 0x11
packet_from_server: is from server - TRUE
decrypt_ssl3_record: using server decoder
decrypt_ssl3_record: no decoder available
dissect_ssl3_handshake iteration 1 type 2 offset 5 length 62 bytes, remaining 71 
ssl_try_set_version found version 0x0303 -> state 0x11
Calculating hash with offset 5 66
ssl_dissect_hnd_hello_common found SERVER RANDOM -> state 0x13
ssl_set_cipher found CIPHER 0xC030 TLS_ECDHE_RSA_WITH_AES_256_GCM_SHA384 -> state 0x17
trying to use SSL keylog in /home/ubuntu18/Desktop/dpl/ssl_keys/default_key_name.key
  checking keylog line: key:21r534t4jweg84wjhgb24i7gth378qhgf832ng
    unrecognized line
tls13_load_secret TLS version 0x303 is not 1.3
tls13_load_secret TLS version 0x303 is not 1.3
  record: offset = 71, reported_length_remaining = 1317
dissect_ssl3_record: content_type 22 Handshake
decrypt_ssl3_record: app_data len 933, ssl state 0x17
packet_from_server: is from server - TRUE
decrypt_ssl3_record: using server decoder
decrypt_ssl3_record: no decoder available
dissect_ssl3_handshake iteration 1 type 11 offset 76 length 929 bytes, remaining 1009 
Calculating hash with offset 76 933
lookup(KeyID)[20]:
| a9 61 22 91 f1 5e 66 bb ca 86 ab 54 f6 82 86 40 |.a"..^f....T...@|
| e7 c0 42 63                                     |..Bc            |
ssl_find_private_key_by_pubkey: lookup result: (nil)
  record: offset = 1009, reported_length_remaining = 379
dissect_ssl3_record: content_type 22 Handshake
decrypt_ssl3_record: app_data len 365, ssl state 0x17
packet_from_server: is from server - TRUE
decrypt_ssl3_record: using server decoder
decrypt_ssl3_record: no decoder available
dissect_ssl3_handshake iteration 1 type 12 offset 1014 length 361 bytes, remaining 1379 
Calculating hash with offset 1014 365
  record: offset = 1379, reported_length_remaining = 9
dissect_ssl3_record: content_type 22 Handshake
decrypt_ssl3_record: app_data len 4, ssl state 0x17
packet_from_server: is from server - TRUE
decrypt_ssl3_record: using server decoder
decrypt_ssl3_record: no decoder available
dissect_ssl3_handshake iteration 1 type 14 offset 1384 length 0 bytes, remaining 1388 
Calculating hash with offset 1384 4

dissect_ssl enter frame #16 (first time)
packet_from_server: is from server - FALSE
  conversation = 0x7fc20f82db00, ssl_session = 0x7fc20f82f780
  record: offset = 0, reported_length_remaining = 158
dissect_ssl3_record: content_type 22 Handshake
decrypt_ssl3_record: app_data len 102, ssl state 0x17
packet_from_server: is from server - FALSE
decrypt_ssl3_record: using client decoder
decrypt_ssl3_record: no decoder available
dissect_ssl3_handshake iteration 1 type 16 offset 5 length 98 bytes, remaining 107 
Calculating hash with offset 5 102
trying to use SSL keylog in /home/ubuntu18/Desktop/dpl/ssl_keys/default_key_name.key
ssl_generate_pre_master_secret: found SSL_HND_CLIENT_KEY_EXCHG, state 17
ssl_restore_master_key can't find pre-master secret by Unencrypted pre-master secret
ssl_restore_master_key can't find pre-master secret by Encrypted pre-master secret
dissect_ssl3_handshake can't generate pre master secret
  record: offset = 107, reported_length_remaining = 51
dissect_ssl3_record: content_type 20 Change Cipher Spec
decrypt_ssl3_record: app_data len 1, ssl state 0x17
packet_from_server: is from server - FALSE
decrypt_ssl3_record: using client decoder
decrypt_ssl3_record: no decoder available
trying to use SSL keylog in /home/ubuntu18/Desktop/dpl/ssl_keys/default_key_name.key
ssl_finalize_decryption state = 0x17
ssl_restore_master_key can't restore master secret using an empty Session ID
ssl_restore_master_key can't find master secret by Client Random
  Cannot find master secret
packet_from_server: is from server - FALSE
ssl_change_cipher CLIENT
  record: offset = 113, reported_length_remaining = 45
dissect_ssl3_record: content_type 22 Handshake
decrypt_ssl3_record: app_data len 40, ssl state 0x17
packet_from_server: is from server - FALSE
decrypt_ssl3_record: using client decoder
decrypt_ssl3_record: no decoder available
dissect_ssl3_handshake iteration 1 type 168 offset 118 length 7184954 bytes, remaining 158 

dissect_ssl enter frame #18 (first time)
packet_from_server: is from server - TRUE
  conversation = 0x7fc20f82db00, ssl_session = 0x7fc20f82f780
  record: offset = 0, reported_length_remaining = 226
dissect_ssl3_record: content_type 22 Handshake
decrypt_ssl3_record: app_data len 170, ssl state 0x17
packet_from_server: is from server - TRUE
decrypt_ssl3_record: using server decoder
decrypt_ssl3_record: no decoder available
dissect_ssl3_handshake iteration 1 type 4 offset 5 length 166 bytes, remaining 175 
Calculating hash with offset 5 170
ssl_save_master_key not saving empty (pre-)master secret for Session Ticket!
  record: offset = 175, reported_length_remaining = 51
dissect_ssl3_record: content_type 20 Change Cipher Spec
decrypt_ssl3_record: app_data len 1, ssl state 0x417
packet_from_server: is from server - TRUE
decrypt_ssl3_record: using server decoder
decrypt_ssl3_record: no decoder available
ssl_dissect_change_cipher_spec Not using Session resumption
trying to use SSL keylog in /home/ubuntu18/Desktop/dpl/ssl_keys/default_key_name.key
ssl_finalize_decryption state = 0x417
ssl_restore_master_key can't restore master secret using an empty Session ID
ssl_restore_master_key can't find master secret by Client Random
  Cannot find master secret
packet_from_server: is from server - TRUE
ssl_change_cipher SERVER
  record: offset = 181, reported_length_remaining = 45
dissect_ssl3_record: content_type 22 Handshake
decrypt_ssl3_record: app_data len 40, ssl state 0x417
packet_from_server: is from server - TRUE
decrypt_ssl3_record: using server decoder
decrypt_ssl3_record: no decoder available
dissect_ssl3_handshake iteration 1 type 153 offset 186 length 3223911 bytes, remaining 226 

dissect_ssl enter frame #20 (first time)
packet_from_server: is from server - FALSE
  conversation = 0x7fc20f82db00, ssl_session = 0x7fc20f82f780
  record: offset = 0, reported_length_remaining = 45
dissect_ssl3_record: content_type 23 Application Data
decrypt_ssl3_record: app_data len 40, ssl state 0x417
packet_from_server: is from server - FALSE
decrypt_ssl3_record: using client decoder
decrypt_ssl3_record: no decoder available

dissect_ssl enter frame #22 (first time)
packet_from_server: is from server - TRUE
  conversation = 0x7fc20f82db00, ssl_session = 0x7fc20f82f780
  record: offset = 0, reported_length_remaining = 187
dissect_ssl3_record: content_type 23 Application Data
decrypt_ssl3_record: app_data len 182, ssl state 0x417
packet_from_server: is from server - TRUE
decrypt_ssl3_record: using server decoder
decrypt_ssl3_record: no decoder available

dissect_ssl enter frame #24 (first time)
packet_from_server: is from server - FALSE
  conversation = 0x7fc20f82db00, ssl_session = 0x7fc20f82f780
  record: offset = 0, reported_length_remaining = 401
dissect_ssl3_record: content_type 22 Handshake
decrypt_ssl3_record: app_data len 396, ssl state 0x417
packet_from_server: is from server - FALSE
decrypt_ssl3_record: using client decoder
decrypt_ssl3_record: no decoder available
dissect_ssl3_handshake iteration 1 type 168 offset 5 length 7184954 bytes, remaining 401 

dissect_ssl enter frame #26 (first time)
packet_from_server: is from server - TRUE
  conversation = 0x7fc20f82db00, ssl_session = 0x7fc20f82f780
  record: offset = 0, reported_length_remaining = 1508
dissect_ssl3_record: content_type 22 Handshake
decrypt_ssl3_record: app_data len 114, ssl state 0x417
packet_from_server: is from server - TRUE
decrypt_ssl3_record: using server decoder
decrypt_ssl3_record: no decoder available
dissect_ssl3_handshake iteration 1 type 153 offset 5 length 3223911 bytes, remaining 119 
  record: offset = 119, reported_length_remaining = 1389
dissect_ssl3_record: content_type 22 Handshake
decrypt_ssl3_record: app_data len 957, ssl state 0x417
packet_from_server: is from server - TRUE
decrypt_ssl3_record: using server decoder
decrypt_ssl3_record: no decoder available
dissect_ssl3_handshake iteration 1 type 153 offset 124 length 3223911 bytes, remaining 1081 
  record: offset = 1081, reported_length_remaining = 427
dissect_ssl3_record: content_type 22 Handshake
decrypt_ssl3_record: app_data len 389, ssl state 0x417
packet_from_server: is from server - TRUE
decrypt_ssl3_record: using server decoder
decrypt_ssl3_record: no decoder available
dissect_ssl3_handshake iteration 1 type 153 offset 1086 length 3223911 bytes, remaining 1475 
  record: offset = 1475, reported_length_remaining = 33
dissect_ssl3_record: content_type 22 Handshake
decrypt_ssl3_record: app_data len 28, ssl state 0x417
packet_from_server: is from server - TRUE
decrypt_ssl3_record: using server decoder
decrypt_ssl3_record: no decoder available
dissect_ssl3_handshake iteration 1 type 153 offset 1480 length 3223911 bytes, remaining 1508 

dissect_ssl enter frame #28 (first time)
packet_from_server: is from server - FALSE
  conversation = 0x7fc20f82db00, ssl_session = 0x7fc20f82f780
  record: offset = 0, reported_length_remaining = 206
dissect_ssl3_record: content_type 22 Handshake
decrypt_ssl3_record: app_data len 126, ssl state 0x417
packet_from_server: is from server - FALSE
decrypt_ssl3_record: using client decoder
decrypt_ssl3_record: no decoder available
dissect_ssl3_handshake iteration 1 type 168 offset 5 length 7184954 bytes, remaining 131 
  record: offset = 131, reported_length_remaining = 75
dissect_ssl3_record: content_type 20 Change Cipher Spec
decrypt_ssl3_record: app_data len 25, ssl state 0x417
packet_from_server: is from server - FALSE
decrypt_ssl3_record: using client decoder
decrypt_ssl3_record: no decoder available
trying to use SSL keylog in /home/ubuntu18/Desktop/dpl/ssl_keys/default_key_name.key
ssl_finalize_decryption state = 0x417
ssl_restore_master_key can't restore master secret using an empty Session ID
ssl_restore_master_key can't find master secret by Client Random
  Cannot find master secret
packet_from_server: is from server - FALSE
ssl_change_cipher CLIENT
  record: offset = 161, reported_length_remaining = 45
dissect_ssl3_record: content_type 22 Handshake
decrypt_ssl3_record: app_data len 40, ssl state 0x417
packet_from_server: is from server - FALSE
decrypt_ssl3_record: using client decoder
decrypt_ssl3_record: no decoder available
dissect_ssl3_handshake iteration 1 type 110 offset 166 length 8444566 bytes, remaining 206 

dissect_ssl enter frame #30 (first time)
packet_from_server: is from server - TRUE
  conversation = 0x7fc20f82db00, ssl_session = 0x7fc20f82f780
  record: offset = 0, reported_length_remaining = 274
dissect_ssl3_record: content_type 22 Handshake
decrypt_ssl3_record: app_data len 194, ssl state 0x417
packet_from_server: is from server - TRUE
decrypt_ssl3_record: using server decoder
decrypt_ssl3_record: no decoder available
dissect_ssl3_handshake iteration 1 type 153 offset 5 length 3223911 bytes, remaining 199 
  record: offset = 199, reported_length_remaining = 75
dissect_ssl3_record: content_type 20 Change Cipher Spec
decrypt_ssl3_record: app_data len 25, ssl state 0x417
packet_from_server: is from server - TRUE
decrypt_ssl3_record: using server decoder
decrypt_ssl3_record: no decoder available
ssl_dissect_change_cipher_spec Not using Session resumption
trying to use SSL keylog in /home/ubuntu18/Desktop/dpl/ssl_keys/default_key_name.key
ssl_finalize_decryption state = 0x417
ssl_restore_master_key can't restore master secret using an empty Session ID
ssl_restore_master_key can't find master secret by Client Random
  Cannot find master secret
packet_from_server: is from server - TRUE
ssl_change_cipher SERVER
  record: offset = 229, reported_length_remaining = 45
dissect_ssl3_record: content_type 22 Handshake
decrypt_ssl3_record: app_data len 40, ssl state 0x417
packet_from_server: is from server - TRUE
decrypt_ssl3_record: using server decoder
decrypt_ssl3_record: no decoder available
dissect_ssl3_handshake iteration 1 type 227 offset 234 length 12179867 bytes, remaining 274 

dissect_ssl enter frame #32 (first time)
packet_from_server: is from server - FALSE
  conversation = 0x7fc20f82db00, ssl_session = 0x7fc20f82f780
  record: offset = 0, reported_length_remaining = 45
dissect_ssl3_record: content_type 23 Application Data
decrypt_ssl3_record: app_data len 40, ssl state 0x417
packet_from_server: is from server - FALSE
decrypt_ssl3_record: using client decoder
decrypt_ssl3_record: no decoder available

dissect_ssl enter frame #34 (first time)
packet_from_server: is from server - TRUE
  conversation = 0x7fc20f82db00, ssl_session = 0x7fc20f82f780
  record: offset = 0, reported_length_remaining = 187
dissect_ssl3_record: content_type 23 Application Data
decrypt_ssl3_record: app_data len 182, ssl state 0x417
packet_from_server: is from server - TRUE
decrypt_ssl3_record: using server decoder
decrypt_ssl3_record: no decoder available

dissect_ssl enter frame #36 (first time)
packet_from_server: is from server - FALSE
  conversation = 0x7fc20f82db00, ssl_session = 0x7fc20f82f780
  record: offset = 0, reported_length_remaining = 31
dissect_ssl3_record: content_type 21 Alert
decrypt_ssl3_record: app_data len 26, ssl state 0x417
packet_from_server: is from server - FALSE
decrypt_ssl3_record: using client decoder
decrypt_ssl3_record: no decoder available

dissect_ssl enter frame #40 (first time)
packet_from_server: is from server - TRUE
  conversation = 0x7fc20f82db00, ssl_session = 0x7fc20f82f780
  record: offset = 0, reported_length_remaining = 31
dissect_ssl3_record: content_type 21 Alert
decrypt_ssl3_record: app_data len 26, ssl state 0x417
packet_from_server: is from server - TRUE
decrypt_ssl3_record: using server decoder
decrypt_ssl3_record: no decoder available
