Wireshark SSL debug log 

Wireshark version: 2.6.10 (Git v2.6.10 packaged as 2.6.10-1~ubuntu18.04.0)
GnuTLS version:    3.5.18
Libgcrypt version: 1.8.1

ssl_starttls: old frame 0, app_handle=(nil) ((null))
ssl_starttls: current frame 8, app_handle=0x7fe94c2b6c50 (pop)

dissect_ssl enter frame #9 (first time)
packet_from_server: is from server - FALSE
  conversation = 0x7fe948c15b00, ssl_session = 0x7fe948c17090
  record: offset = 0, reported_length_remaining = 362
dissect_ssl3_record: content_type 22 Handshake
decrypt_ssl3_record: app_data len 357, ssl state 0x00
packet_from_server: is from server - FALSE
decrypt_ssl3_record: using client decoder
decrypt_ssl3_record: no decoder available
dissect_ssl3_handshake iteration 1 type 1 offset 5 length 353 bytes, remaining 362 
Calculating hash with offset 5 357
ssl_dissect_hnd_hello_common found CLIENT RANDOM -> state 0x01

dissect_ssl enter frame #11 (first time)
packet_from_server: is from server - TRUE
  conversation = 0x7fe948c15b00, ssl_session = 0x7fe948c17090
  record: offset = 0, reported_length_remaining = 1388
ssl_try_set_version found version 0x0303 -> state 0x11
dissect_ssl3_record: content_type 22 Handshake
decrypt_ssl3_record: app_data len 66, ssl state 0x11
packet_from_server: is from server - TRUE
decrypt_ssl3_record: using server decoder
decrypt_ssl3_record: no decoder available
dissect_ssl3_handshake iteration 1 type 2 offset 5 length 62 bytes, remaining 71 
ssl_try_set_version found version 0x0303 -> state 0x11
Calculating hash with offset 5 66
ssl_dissect_hnd_hello_common found SERVER RANDOM -> state 0x13
ssl_set_cipher found CIPHER 0xC030 TLS_ECDHE_RSA_WITH_AES_256_GCM_SHA384 -> state 0x17
trying to use SSL keylog in /home/ubuntu18/diploma-1/dpl/ssl_keys/pop-ssl.key
  checking keylog line: CLIENT_RANDOM BCB8F5BD5A6392B53EA86F4068DED2CB1E9DFF38F0423B876E343589173C8472 D0B54CF66C7978D290980D838D9990B8DA3D150B7F5232F50D93925FBFB3134007D464CCC60427B51D5A8C123D291273
    matched client_random
  checking keylog line: CLIENT_RANDOM 795A4C3D4D18E0DF221D289AA9A82B9B33C5FC7602258E7F307874150FEDD267 717F70C6733FF9C1D7AA6C284484F6B5385077419C93A21EF0171FCE35B9C08E32FE1D2B91116FD252A0348077232BFA 
    matched client_random
tls13_load_secret TLS version 0x303 is not 1.3
tls13_load_secret TLS version 0x303 is not 1.3
  record: offset = 71, reported_length_remaining = 1317
dissect_ssl3_record: content_type 22 Handshake
decrypt_ssl3_record: app_data len 933, ssl state 0x17
packet_from_server: is from server - TRUE
decrypt_ssl3_record: using server decoder
decrypt_ssl3_record: no decoder available
dissect_ssl3_handshake iteration 1 type 11 offset 76 length 929 bytes, remaining 1009 
Calculating hash with offset 76 933
lookup(KeyID)[20]:
| a9 61 22 91 f1 5e 66 bb ca 86 ab 54 f6 82 86 40 |.a"..^f....T...@|
| e7 c0 42 63                                     |..Bc            |
ssl_find_private_key_by_pubkey: lookup result: (nil)
  record: offset = 1009, reported_length_remaining = 379
dissect_ssl3_record: content_type 22 Handshake
decrypt_ssl3_record: app_data len 365, ssl state 0x17
packet_from_server: is from server - TRUE
decrypt_ssl3_record: using server decoder
decrypt_ssl3_record: no decoder available
dissect_ssl3_handshake iteration 1 type 12 offset 1014 length 361 bytes, remaining 1379 
Calculating hash with offset 1014 365
  record: offset = 1379, reported_length_remaining = 9
dissect_ssl3_record: content_type 22 Handshake
decrypt_ssl3_record: app_data len 4, ssl state 0x17
packet_from_server: is from server - TRUE
decrypt_ssl3_record: using server decoder
decrypt_ssl3_record: no decoder available
dissect_ssl3_handshake iteration 1 type 14 offset 1384 length 0 bytes, remaining 1388 
Calculating hash with offset 1384 4

dissect_ssl enter frame #13 (first time)
packet_from_server: is from server - FALSE
  conversation = 0x7fe948c15b00, ssl_session = 0x7fe948c17090
  record: offset = 0, reported_length_remaining = 158
dissect_ssl3_record: content_type 22 Handshake
decrypt_ssl3_record: app_data len 102, ssl state 0x17
packet_from_server: is from server - FALSE
decrypt_ssl3_record: using client decoder
decrypt_ssl3_record: no decoder available
dissect_ssl3_handshake iteration 1 type 16 offset 5 length 98 bytes, remaining 107 
Calculating hash with offset 5 102
trying to use SSL keylog in /home/ubuntu18/diploma-1/dpl/ssl_keys/pop-ssl.key
ssl_generate_pre_master_secret: found SSL_HND_CLIENT_KEY_EXCHG, state 17
ssl_restore_master_key can't find pre-master secret by Unencrypted pre-master secret
ssl_restore_master_key can't find pre-master secret by Encrypted pre-master secret
dissect_ssl3_handshake can't generate pre master secret
  record: offset = 107, reported_length_remaining = 51
dissect_ssl3_record: content_type 20 Change Cipher Spec
decrypt_ssl3_record: app_data len 1, ssl state 0x17
packet_from_server: is from server - FALSE
decrypt_ssl3_record: using client decoder
decrypt_ssl3_record: no decoder available
trying to use SSL keylog in /home/ubuntu18/diploma-1/dpl/ssl_keys/pop-ssl.key
ssl_finalize_decryption state = 0x17
ssl_restore_master_key can't restore master secret using an empty Session ID
ssl_restore_master_key master secret retrieved using Client Random
Client Random[32]:
| bc b8 f5 bd 5a 63 92 b5 3e a8 6f 40 68 de d2 cb |....Zc..>.o@h...|
| 1e 9d ff 38 f0 42 3b 87 6e 34 35 89 17 3c 84 72 |...8.B;.n45..<.r|
(pre-)master secret[48]:
| d0 b5 4c f6 6c 79 78 d2 90 98 0d 83 8d 99 90 b8 |..L.lyx.........|
| da 3d 15 0b 7f 52 32 f5 0d 93 92 5f bf b3 13 40 |.=...R2...._...@|
| 07 d4 64 cc c6 04 27 b5 1d 5a 8c 12 3d 29 12 73 |..d...'..Z..=).s|
ssl_generate_keyring_material CIPHER: AES256
ssl_generate_keyring_material sess key generation
tls12_prf: tls_hash(hash_alg SHA384 secret_len 48 seed_len 77 )
tls_hash: hash secret[48]:
| d0 b5 4c f6 6c 79 78 d2 90 98 0d 83 8d 99 90 b8 |..L.lyx.........|
| da 3d 15 0b 7f 52 32 f5 0d 93 92 5f bf b3 13 40 |.=...R2...._...@|
| 07 d4 64 cc c6 04 27 b5 1d 5a 8c 12 3d 29 12 73 |..d...'..Z..=).s|
tls_hash: hash seed[77]:
| 6b 65 79 20 65 78 70 61 6e 73 69 6f 6e 7b 1e d7 |key expansion{..|
| 35 45 bd a7 6b d5 f7 be 18 24 f1 94 6f 5f de 6d |5E..k....$..o_.m|
| 06 82 a8 42 2d 62 a3 12 8d 40 28 b6 27 bc b8 f5 |...B-b...@(.'...|
| bd 5a 63 92 b5 3e a8 6f 40 68 de d2 cb 1e 9d ff |.Zc..>.o@h......|
| 38 f0 42 3b 87 6e 34 35 89 17 3c 84 72          |8.B;.n45..<.r   |
hash out[168]:
| cd 9e 39 73 c8 b2 79 01 83 38 3a 8d c8 50 20 0b |..9s..y..8:..P .|
| ad 4a 5d 01 ad 87 9b c8 d5 5a af 3e de 8f 1a 50 |.J]......Z.>...P|
| ce c0 91 7b 44 e9 9c f4 39 36 a5 74 a7 1c fe d5 |...{D...96.t....|
| ea ec e2 d0 ab 7d 20 ce 3a 39 e4 68 81 14 ed f9 |.....} .:9.h....|
| a9 ee 94 1b ee 08 46 fe 75 25 19 dd f7 16 af cc |......F.u%......|
| f8 d7 ae 27 67 cb bf 41 b7 3a 5f 54 b3 28 fc 47 |...'g..A.:_T.(.G|
| 81 fa 6f 84 c5 be 6f 35 d5 40 62 c6 ca 97 0a e1 |..o...o5.@b.....|
| bd 96 7e 5a 58 6e a4 6c 00 6d 0d a9 fe ed 4c b4 |..~ZXn.l.m....L.|
| 1c 1e a6 2f ab 1b 27 62 ac f3 06 bb 40 f4 69 e6 |.../..'b....@.i.|
| fe fa 72 e8 1e 21 f3 15 1f f2 86 35 68 0c ec a2 |..r..!.....5h...|
| 39 4b c1 58 19 cc 0c cd                         |9K.X....        |
PRF out[168]:
| cd 9e 39 73 c8 b2 79 01 83 38 3a 8d c8 50 20 0b |..9s..y..8:..P .|
| ad 4a 5d 01 ad 87 9b c8 d5 5a af 3e de 8f 1a 50 |.J]......Z.>...P|
| ce c0 91 7b 44 e9 9c f4 39 36 a5 74 a7 1c fe d5 |...{D...96.t....|
| ea ec e2 d0 ab 7d 20 ce 3a 39 e4 68 81 14 ed f9 |.....} .:9.h....|
| a9 ee 94 1b ee 08 46 fe 75 25 19 dd f7 16 af cc |......F.u%......|
| f8 d7 ae 27 67 cb bf 41 b7 3a 5f 54 b3 28 fc 47 |...'g..A.:_T.(.G|
| 81 fa 6f 84 c5 be 6f 35 d5 40 62 c6 ca 97 0a e1 |..o...o5.@b.....|
| bd 96 7e 5a 58 6e a4 6c 00 6d 0d a9 fe ed 4c b4 |..~ZXn.l.m....L.|
| 1c 1e a6 2f ab 1b 27 62 ac f3 06 bb 40 f4 69 e6 |.../..'b....@.i.|
| fe fa 72 e8 1e 21 f3 15 1f f2 86 35 68 0c ec a2 |..r..!.....5h...|
| 39 4b c1 58 19 cc 0c cd                         |9K.X....        |
key expansion[168]:
| cd 9e 39 73 c8 b2 79 01 83 38 3a 8d c8 50 20 0b |..9s..y..8:..P .|
| ad 4a 5d 01 ad 87 9b c8 d5 5a af 3e de 8f 1a 50 |.J]......Z.>...P|
| ce c0 91 7b 44 e9 9c f4 39 36 a5 74 a7 1c fe d5 |...{D...96.t....|
| ea ec e2 d0 ab 7d 20 ce 3a 39 e4 68 81 14 ed f9 |.....} .:9.h....|
| a9 ee 94 1b ee 08 46 fe 75 25 19 dd f7 16 af cc |......F.u%......|
| f8 d7 ae 27 67 cb bf 41 b7 3a 5f 54 b3 28 fc 47 |...'g..A.:_T.(.G|
| 81 fa 6f 84 c5 be 6f 35 d5 40 62 c6 ca 97 0a e1 |..o...o5.@b.....|
| bd 96 7e 5a 58 6e a4 6c 00 6d 0d a9 fe ed 4c b4 |..~ZXn.l.m....L.|
| 1c 1e a6 2f ab 1b 27 62 ac f3 06 bb 40 f4 69 e6 |.../..'b....@.i.|
| fe fa 72 e8 1e 21 f3 15 1f f2 86 35 68 0c ec a2 |..r..!.....5h...|
| 39 4b c1 58 19 cc 0c cd                         |9K.X....        |
Client Write key[32]:
| cd 9e 39 73 c8 b2 79 01 83 38 3a 8d c8 50 20 0b |..9s..y..8:..P .|
| ad 4a 5d 01 ad 87 9b c8 d5 5a af 3e de 8f 1a 50 |.J]......Z.>...P|
Server Write key[32]:
| ce c0 91 7b 44 e9 9c f4 39 36 a5 74 a7 1c fe d5 |...{D...96.t....|
| ea ec e2 d0 ab 7d 20 ce 3a 39 e4 68 81 14 ed f9 |.....} .:9.h....|
Client Write IV[4]:
| a9 ee 94 1b                                     |....            |
Server Write IV[4]:
| ee 08 46 fe                                     |..F.            |
ssl_generate_keyring_material ssl_create_decoder(client)
decoder initialized (digest len 48)
ssl_generate_keyring_material ssl_create_decoder(server)
decoder initialized (digest len 48)
ssl_generate_keyring_material: client seq 0, server seq 0
ssl_save_master_key inserted (pre-)master secret for Client Random
stored key[32]:
| bc b8 f5 bd 5a 63 92 b5 3e a8 6f 40 68 de d2 cb |....Zc..>.o@h...|
| 1e 9d ff 38 f0 42 3b 87 6e 34 35 89 17 3c 84 72 |...8.B;.n45..<.r|
stored (pre-)master secret[48]:
| d0 b5 4c f6 6c 79 78 d2 90 98 0d 83 8d 99 90 b8 |..L.lyx.........|
| da 3d 15 0b 7f 52 32 f5 0d 93 92 5f bf b3 13 40 |.=...R2...._...@|
| 07 d4 64 cc c6 04 27 b5 1d 5a 8c 12 3d 29 12 73 |..d...'..Z..=).s|
ssl_save_master_key: not saving empty Session ID!
packet_from_server: is from server - FALSE
ssl_change_cipher CLIENT
  record: offset = 113, reported_length_remaining = 45
dissect_ssl3_record: content_type 22 Handshake
decrypt_ssl3_record: app_data len 40, ssl state 0x3F
packet_from_server: is from server - FALSE
decrypt_ssl3_record: using client decoder
ssl_decrypt_record ciphertext len 40
Ciphertext[40]:
| 60 75 48 cd f3 19 dd 98 8d 48 9e 00 27 ad b4 39 |`uH......H..'..9|
| fd 72 63 13 e5 23 29 c1 08 01 20 3d 18 e3 c3 ff |.rc..#)... =....|
| 09 82 e5 70 80 6c 65 9d                         |...p.le.        |
ssl_decrypt_record: allocating 72 bytes for decrypt data (old len 32)
nonce[12]:
| a9 ee 94 1b 60 75 48 cd f3 19 dd 98             |....`uH.....    |
AAD[13]:
| 00 00 00 00 00 00 00 00 16 03 03 00 10          |.............   |
auth_tag(OK)[16]:
| 08 01 20 3d 18 e3 c3 ff 09 82 e5 70 80 6c 65 9d |.. =.......p.le.|
Plaintext[16]:
| 14 00 00 0c ce cd b7 3b 8d 81 9f c0 27 8b 44 d6 |.......;....'.D.|
dissect_ssl3_handshake iteration 1 type 20 offset 0 length 12 bytes, remaining 16 
trying to use SSL keylog in /home/ubuntu18/diploma-1/dpl/ssl_keys/pop-ssl.key
tls13_load_secret TLS version 0x303 is not 1.3

dissect_ssl enter frame #15 (first time)
packet_from_server: is from server - TRUE
  conversation = 0x7fe948c15b00, ssl_session = 0x7fe948c17090
  record: offset = 0, reported_length_remaining = 226
dissect_ssl3_record: content_type 22 Handshake
decrypt_ssl3_record: app_data len 170, ssl state 0x3F
packet_from_server: is from server - TRUE
decrypt_ssl3_record: using server decoder
decrypt_ssl3_record: no decoder available
dissect_ssl3_handshake iteration 1 type 4 offset 5 length 166 bytes, remaining 175 
ssl_save_master_key inserted (pre-)master secret for Session Ticket
stored key[160]:
| 86 a7 3f d1 cc 4b f9 6e fa 98 07 e1 2d 27 ed ba |..?..K.n....-'..|
| 7c 92 0a 53 b7 9c ee 2e a5 eb 21 81 4e 29 0d cf ||..S......!.N)..|
| bb 46 f5 33 d4 61 3c ff ce 73 42 91 03 93 01 81 |.F.3.a<..sB.....|
| 16 71 52 13 16 f0 94 90 d3 c6 01 aa 92 54 8a d7 |.qR..........T..|
| 88 3e f3 ae 5b df 96 7f 7f 94 32 bf 4a 69 1b f5 |.>..[.....2.Ji..|
| 66 29 86 77 9b 7c f9 55 a7 ee 97 67 78 a7 05 0d |f).w.|.U...gx...|
| d9 f0 76 50 c9 25 8a 50 9f b3 34 3d 42 bf 70 bd |..vP.%.P..4=B.p.|
| 1b f2 3d 08 8d 3d 2c 68 e4 21 57 ef 79 78 7b 02 |..=..=,h.!W.yx{.|
| 37 d9 d6 88 22 4a c2 93 be a4 f7 66 c7 60 53 ae |7..."J.....f.`S.|
| 99 ee a5 86 f9 dc 16 bf 74 5f 16 da 85 89 4a d5 |........t_....J.|
stored (pre-)master secret[48]:
| d0 b5 4c f6 6c 79 78 d2 90 98 0d 83 8d 99 90 b8 |..L.lyx.........|
| da 3d 15 0b 7f 52 32 f5 0d 93 92 5f bf b3 13 40 |.=...R2...._...@|
| 07 d4 64 cc c6 04 27 b5 1d 5a 8c 12 3d 29 12 73 |..d...'..Z..=).s|
  record: offset = 175, reported_length_remaining = 51
dissect_ssl3_record: content_type 20 Change Cipher Spec
decrypt_ssl3_record: app_data len 1, ssl state 0x43F
packet_from_server: is from server - TRUE
decrypt_ssl3_record: using server decoder
decrypt_ssl3_record: no decoder available
ssl_dissect_change_cipher_spec Not using Session resumption
trying to use SSL keylog in /home/ubuntu18/diploma-1/dpl/ssl_keys/pop-ssl.key
ssl_finalize_decryption state = 0x43F
  session key already available, nothing to do.
packet_from_server: is from server - TRUE
ssl_change_cipher SERVER
  record: offset = 181, reported_length_remaining = 45
dissect_ssl3_record: content_type 22 Handshake
decrypt_ssl3_record: app_data len 40, ssl state 0x43F
packet_from_server: is from server - TRUE
decrypt_ssl3_record: using server decoder
ssl_decrypt_record ciphertext len 40
Ciphertext[40]:
| fe 80 84 06 0f 45 4b 45 bf 77 b4 c4 a2 5d 0e 52 |.....EKE.w...].R|
| 42 bf 0d 39 c3 dc 6e 37 a9 32 c9 d9 89 73 34 dd |B..9..n7.2...s4.|
| 7c 6a 9e b6 c8 b5 06 6d                         ||j.....m        |
nonce[12]:
| ee 08 46 fe fe 80 84 06 0f 45 4b 45             |..F......EKE    |
AAD[13]:
| 00 00 00 00 00 00 00 00 16 03 03 00 10          |.............   |
auth_tag(OK)[16]:
| a9 32 c9 d9 89 73 34 dd 7c 6a 9e b6 c8 b5 06 6d |.2...s4.|j.....m|
Plaintext[16]:
| 14 00 00 0c 5c 1a 08 24 0e ad 0f 10 02 fb 30 12 |....\..$......0.|
dissect_ssl3_handshake iteration 1 type 20 offset 0 length 12 bytes, remaining 16 
trying to use SSL keylog in /home/ubuntu18/diploma-1/dpl/ssl_keys/pop-ssl.key
tls13_load_secret TLS version 0x303 is not 1.3

dissect_ssl enter frame #17 (first time)
packet_from_server: is from server - FALSE
  conversation = 0x7fe948c15b00, ssl_session = 0x7fe948c17090
  record: offset = 0, reported_length_remaining = 34
dissect_ssl3_record: content_type 23 Application Data
decrypt_ssl3_record: app_data len 29, ssl state 0x43F
packet_from_server: is from server - FALSE
decrypt_ssl3_record: using client decoder
ssl_decrypt_record ciphertext len 29
Ciphertext[29]:
| 60 75 48 cd f3 19 dd 99 4a f7 30 67 e6 3c 7b 5b |`uH.....J.0g.<{[|
| 87 e4 d5 ad 64 d5 f6 5c ef 28 48 7b f3          |....d..\.(H{.   |
nonce[12]:
| a9 ee 94 1b 60 75 48 cd f3 19 dd 99             |....`uH.....    |
AAD[13]:
| 00 00 00 00 00 00 00 01 17 03 03 00 05          |.............   |
auth_tag(OK)[16]:
| 3c 7b 5b 87 e4 d5 ad 64 d5 f6 5c ef 28 48 7b f3 |<{[....d..\.(H{.|
Plaintext[5]:
| 43 41 50 41 0a                                  |CAPA.           |
ssl_add_record_info stored decrypted record seq=0 nxtseq=5 flow=0x7fe948c17aa0
dissect_ssl_payload decrypted len 5
decrypted app data fragment[5]:
| 43 41 50 41 0a                                  |CAPA.           |
process_ssl_payload: found handle 0x7fe94c2b6c50 (pop)
packet_from_server: is from server - FALSE

dissect_ssl enter frame #19 (first time)
packet_from_server: is from server - TRUE
  conversation = 0x7fe948c15b00, ssl_session = 0x7fe948c17090
  record: offset = 0, reported_length_remaining = 112
dissect_ssl3_record: content_type 23 Application Data
decrypt_ssl3_record: app_data len 107, ssl state 0x43F
packet_from_server: is from server - TRUE
decrypt_ssl3_record: using server decoder
ssl_decrypt_record ciphertext len 107
Ciphertext[107]:
| fe 80 84 06 0f 45 4b 46 99 aa cb 13 dc 50 cf 5c |.....EKF.....P.\|
| 24 c0 c8 2c cd b2 e7 db d3 61 9b 65 32 2a 82 b3 |$..,.....a.e2*..|
| 3a c1 bd 7a 0e fd d8 8d 45 15 8f 42 08 a7 7c 2c |:..z....E..B..|,|
| e1 c5 63 49 93 8f 2b fa 44 a6 69 9b 31 b0 82 17 |..cI..+.D.i.1...|
| 1e cf fe 19 7f 28 11 71 cf 21 0e d5 88 99 ee 10 |.....(.q.!......|
| 1a 19 ee c7 a9 5d f1 78 fa 98 47 bd 8d 84 00 71 |.....].x..G....q|
| 3e c1 68 31 b0 1e 75 ff 88 c7 8e                |>.h1..u....     |
ssl_decrypt_record: allocating 139 bytes for decrypt data (old len 72)
nonce[12]:
| ee 08 46 fe fe 80 84 06 0f 45 4b 46             |..F......EKF    |
AAD[13]:
| 00 00 00 00 00 00 00 01 17 03 03 00 53          |............S   |
auth_tag(OK)[16]:
| bd 8d 84 00 71 3e c1 68 31 b0 1e 75 ff 88 c7 8e |....q>.h1..u....|
Plaintext[83]:
| 2b 4f 4b 0d 0a 43 41 50 41 0d 0a 54 4f 50 0d 0a |+OK..CAPA..TOP..|
| 55 49 44 4c 0d 0a 52 45 53 50 2d 43 4f 44 45 53 |UIDL..RESP-CODES|
| 0d 0a 50 49 50 45 4c 49 4e 49 4e 47 0d 0a 41 55 |..PIPELINING..AU|
| 54 48 2d 52 45 53 50 2d 43 4f 44 45 0d 0a 55 53 |TH-RESP-CODE..US|
| 45 52 0d 0a 53 41 53 4c 20 50 4c 41 49 4e 0d 0a |ER..SASL PLAIN..|
| 2e 0d 0a                                        |...             |
ssl_add_record_info stored decrypted record seq=0 nxtseq=83 flow=0x7fe948c17ac0
dissect_ssl_payload decrypted len 83
decrypted app data fragment[83]:
| 2b 4f 4b 0d 0a 43 41 50 41 0d 0a 54 4f 50 0d 0a |+OK..CAPA..TOP..|
| 55 49 44 4c 0d 0a 52 45 53 50 2d 43 4f 44 45 53 |UIDL..RESP-CODES|
| 0d 0a 50 49 50 45 4c 49 4e 49 4e 47 0d 0a 41 55 |..PIPELINING..AU|
| 54 48 2d 52 45 53 50 2d 43 4f 44 45 0d 0a 55 53 |TH-RESP-CODE..US|
| 45 52 0d 0a 53 41 53 4c 20 50 4c 41 49 4e 0d 0a |ER..SASL PLAIN..|
| 2e 0d 0a                                        |...             |
process_ssl_payload: found handle 0x7fe94c2b6c50 (pop)
packet_from_server: is from server - TRUE

dissect_ssl enter frame #21 (first time)
packet_from_server: is from server - FALSE
  conversation = 0x7fe948c15b00, ssl_session = 0x7fe948c17090
  record: offset = 0, reported_length_remaining = 401
dissect_ssl3_record: content_type 22 Handshake
decrypt_ssl3_record: app_data len 396, ssl state 0x43F
packet_from_server: is from server - FALSE
decrypt_ssl3_record: using client decoder
ssl_decrypt_record ciphertext len 396
Ciphertext[396]:
| 60 75 48 cd f3 19 dd 9a 42 49 a9 6b c5 d7 0b 6a |`uH.....BI.k...j|
| 5b 1e 27 05 8b 69 62 36 05 3e b8 68 1d 7f 1f 3a |[.'..ib6.>.h...:|
| 83 1d b0 fb 80 fb df 29 53 7c 60 c9 4c e6 ff b5 |.......)S|`.L...|
| 9b 49 e6 f1 7e 5f 99 e5 1a 94 94 24 ff ec e5 0c |.I..~_.....$....|
| fa 62 73 91 b0 94 4d 4f af ab 66 84 a4 4b 8f 4b |.bs...MO..f..K.K|
| b2 e6 0c 32 85 51 62 a0 d8 85 d6 10 58 c1 81 fa |...2.Qb.....X...|
| 57 04 8a d6 50 87 1c 9a 26 f0 e9 aa 55 16 ac cc |W...P...&...U...|
| 45 90 74 a6 6a 52 62 6c e3 6d 03 26 1d 27 40 d9 |E.t.jRbl.m.&.'@.|
| e0 1b a3 a1 01 6d 04 9f 57 5a 6d d3 4a 31 da 1c |.....m..WZm.J1..|
| 5b a5 f3 c8 36 29 57 64 96 32 c2 b9 2c c5 b6 cc |[...6)Wd.2..,...|
| de b4 12 d8 83 9e 11 95 ad fd 51 bc 02 bb f6 ff |..........Q.....|
| 19 45 97 ff 6f 53 f0 e8 4f 9a 9b 1a 7f 11 01 95 |.E..oS..O.......|
| fe a4 9d 00 42 8a 29 1b e2 c8 0a 74 54 07 01 6d |....B.)....tT..m|
| f4 74 19 bf dc 63 02 bb fe a6 5e 20 81 94 1c 4a |.t...c....^ ...J|
| 34 a3 1c a2 b7 26 9e 82 0c 1f 3c b9 ac bf c1 eb |4....&....<.....|
| c3 90 94 13 30 46 82 03 38 35 83 8e b1 d8 d7 3c |....0F..85.....<|
| 7e 7e b1 17 32 2c 0f 1a 45 2e 98 45 64 ae bb 6b |~~..2,..E..Ed..k|
| b5 0d ca fc 1c 72 fb e9 dd 58 29 03 c7 31 12 31 |.....r...X)..1.1|
| ad e6 f3 01 70 ee 92 22 0c 27 b0 33 bb 2d 1b a6 |....p..".'.3.-..|
| 23 93 11 cd af 45 b1 3f 59 f0 91 dd 60 bd 42 f4 |#....E.?Y...`.B.|
| de a8 1e c0 aa c9 43 4d 7c 6f 62 81 4f cf 6a 30 |......CM|ob.O.j0|
| 17 cc f3 65 d9 ea 5b af 80 86 bc 7f b4 1f 2f 65 |...e..[......./e|
| a8 3c ab fe 30 d3 72 40 9f ad 3d 4c 23 c4 bf 99 |.<..0.r@..=L#...|
| 56 8a df 44 d4 fb df 44 c8 e6 02 64 44 5d bd d1 |V..D...D...dD]..|
| 32 aa de ef 75 ba 47 c4 2c 5e 54 38             |2...u.G.,^T8    |
ssl_decrypt_record: allocating 428 bytes for decrypt data (old len 139)
nonce[12]:
| a9 ee 94 1b 60 75 48 cd f3 19 dd 9a             |....`uH.....    |
AAD[13]:
| 00 00 00 00 00 00 00 02 16 03 03 01 74          |............t   |
auth_tag(OK)[16]:
| 44 5d bd d1 32 aa de ef 75 ba 47 c4 2c 5e 54 38 |D]..2...u.G.,^T8|
Plaintext[372]:
| 01 00 01 70 03 03 79 5a 4c 3d 4d 18 e0 df 22 1d |...p..yZL=M...".|
| 28 9a a9 a8 2b 9b 33 c5 fc 76 02 25 8e 7f 30 78 |(...+.3..v.%..0x|
| 74 15 0f ed d2 67 00 00 c2 c0 30 c0 2c c0 28 c0 |t....g....0.,.(.|
| 24 c0 14 c0 0a 00 a5 00 a3 00 a1 00 9f 00 6b 00 |$.............k.|
| 6a 00 69 00 68 00 39 00 38 00 37 00 36 00 88 00 |j.i.h.9.8.7.6...|
| 87 00 86 00 85 c0 32 c0 2e c0 2a c0 26 c0 0f c0 |......2...*.&...|
| 05 00 9d 00 3d 00 35 00 84 c0 2f c0 2b c0 27 c0 |....=.5.../.+.'.|
| 23 c0 13 c0 09 00 a4 00 a2 00 a0 00 9e 00 67 00 |#.............g.|
| 40 00 3f 00 3e 00 33 00 32 00 31 00 30 00 9a 00 |@.?.>.3.2.1.0...|
| 99 00 98 00 97 00 45 00 44 00 43 00 42 c0 31 c0 |......E.D.C.B.1.|
| 2d c0 29 c0 25 c0 0e c0 04 00 9c 00 3c 00 2f 00 |-.).%.......<./.|
| 96 00 41 00 07 c0 11 c0 07 c0 0c c0 02 00 05 00 |..A.............|
| 04 c0 12 c0 08 00 16 00 13 00 10 00 0d c0 0d c0 |................|
| 03 00 0a 00 15 00 12 00 0f 00 0c 00 09 00 14 00 |................|
| 11 00 0e 00 0b 00 08 00 06 00 03 02 01 00 00 84 |................|
| ff 01 00 0d 0c ce cd b7 3b 8d 81 9f c0 27 8b 44 |........;....'.D|
| d6 00 0b 00 04 03 00 01 02 00 0a 00 3a 00 38 00 |............:.8.|
| 0e 00 0d 00 19 00 1c 00 0b 00 0c 00 1b 00 18 00 |................|
| 09 00 0a 00 1a 00 16 00 17 00 08 00 06 00 07 00 |................|
| 14 00 15 00 04 00 05 00 12 00 13 00 01 00 02 00 |................|
| 03 00 0f 00 10 00 11 00 23 00 00 00 0d 00 20 00 |........#..... .|
| 1e 06 01 06 02 06 03 05 01 05 02 05 03 04 01 04 |................|
| 02 04 03 03 01 03 02 03 03 02 01 02 02 02 03 00 |................|
| 0f 00 01 01                                     |....            |
dissect_ssl3_handshake iteration 1 type 1 offset 0 length 368 bytes, remaining 372 
ssl_reset_session detected renegotiation, clearing 0x28 (client side)
ssl_dissect_hnd_hello_common found CLIENT RANDOM -> state 0x417

dissect_ssl enter frame #23 (first time)
packet_from_server: is from server - TRUE
  conversation = 0x7fe948c15b00, ssl_session = 0x7fe948c17090
  record: offset = 0, reported_length_remaining = 1508
dissect_ssl3_record: content_type 22 Handshake
decrypt_ssl3_record: app_data len 114, ssl state 0x417
packet_from_server: is from server - TRUE
decrypt_ssl3_record: using server decoder
ssl_decrypt_record ciphertext len 114
Ciphertext[114]:
| fe 80 84 06 0f 45 4b 47 d9 5e bf a1 5f e5 e1 89 |.....EKG.^.._...|
| 04 f9 40 63 e0 c1 a4 e3 21 c4 65 22 43 fd c3 6f |..@c....!.e"C..o|
| 47 b3 e4 7a 4b e5 5c 1f 07 ba 3e 53 88 9d a1 88 |G..zK.\...>S....|
| 96 a7 42 e9 89 c6 d6 86 df 73 53 f3 f8 a0 01 41 |..B......sS....A|
| d9 68 14 63 26 3d 30 49 00 c7 0a 34 01 a1 01 b6 |.h.c&=0I...4....|
| f4 48 f2 92 36 ee f9 f5 aa 09 18 29 27 a9 89 33 |.H..6......)'..3|
| 49 d1 58 87 0e 30 59 55 4f 91 b8 80 a1 6c 14 28 |I.X..0YUO....l.(|
| 4f 0e                                           |O.              |
nonce[12]:
| ee 08 46 fe fe 80 84 06 0f 45 4b 47             |..F......EKG    |
AAD[13]:
| 00 00 00 00 00 00 00 02 16 03 03 00 5a          |............Z   |
auth_tag(OK)[16]:
| 58 87 0e 30 59 55 4f 91 b8 80 a1 6c 14 28 4f 0e |X..0YUO....l.(O.|
Plaintext[90]:
| 02 00 00 56 03 03 77 3b de b7 b7 58 a5 89 c3 22 |...V..w;...X..."|
| 10 b4 99 46 38 8d 06 f6 55 78 18 9f db a8 e1 d7 |...F8...Ux......|
| a8 d7 03 ad c8 c9 00 c0 30 00 00 2e ff 01 00 19 |........0.......|
| 18 ce cd b7 3b 8d 81 9f c0 27 8b 44 d6 5c 1a 08 |....;....'.D.\..|
| 24 0e ad 0f 10 02 fb 30 12 00 0b 00 04 03 00 01 |$......0........|
| 02 00 23 00 00 00 0f 00 01 01                   |..#.......      |
dissect_ssl3_handshake iteration 1 type 2 offset 0 length 86 bytes, remaining 90 
ssl_try_set_version found version 0x0303 -> state 0x417
Calculating hash with offset 0 90
ssl_reset_session detected renegotiation, clearing 0x400 (server side)
ssl_dissect_hnd_hello_common found SERVER RANDOM -> state 0x17
ssl_set_cipher found CIPHER 0xC030 TLS_ECDHE_RSA_WITH_AES_256_GCM_SHA384 -> state 0x17
trying to use SSL keylog in /home/ubuntu18/diploma-1/dpl/ssl_keys/pop-ssl.key
tls13_load_secret TLS version 0x303 is not 1.3
tls13_load_secret TLS version 0x303 is not 1.3
  record: offset = 119, reported_length_remaining = 1389
dissect_ssl3_record: content_type 22 Handshake
decrypt_ssl3_record: app_data len 957, ssl state 0x17
packet_from_server: is from server - TRUE
decrypt_ssl3_record: using server decoder
ssl_decrypt_record ciphertext len 957
Ciphertext[957]:
| fe 80 84 06 0f 45 4b 48 98 a5 bd 8e 1f 1e 8b b7 |.....EKH........|
| 91 7d 2a 5e cb 66 8b 0c 6d 3c 2f 40 5b c7 31 49 |.}*^.f..m</@[.1I|
| 82 b4 39 95 aa 3b 20 5d 24 36 d3 03 75 91 df c4 |..9..; ]$6..u...|
| 49 f2 48 d4 bf 2c df 07 78 a5 a1 9c a8 99 53 2d |I.H..,..x.....S-|
| a9 ab e5 44 ac ce 67 fd 43 f7 98 bc c0 87 48 ca |...D..g.C.....H.|
| 08 4a e1 09 47 dd f9 2a 9c 86 33 db dc d2 83 09 |.J..G..*..3.....|
| cb a7 7a a3 d1 88 45 64 39 8e 04 0b 51 15 43 1e |..z...Ed9...Q.C.|
| dc 67 ef 0f ab 21 29 7f 6c 19 62 09 86 00 4a 99 |.g...!).l.b...J.|
| 2d 1a 35 b4 87 8a fa 76 b6 63 e3 40 20 bd 41 26 |-.5....v.c.@ .A&|
| b8 92 b7 be b8 c1 4f 80 ed 6c 0d ef 0d c1 c4 66 |......O..l.....f|
| 34 a7 e8 85 25 e9 fd f9 e5 86 91 a9 7b 84 26 9b |4...%.......{.&.|
| 11 73 8f 20 2e 1d 56 31 84 4b 4f ac 05 c5 0b d0 |.s. ..V1.KO.....|
| 23 45 b4 cc e1 7a 22 30 ed 72 d7 30 03 a3 ba 4f |#E...z"0.r.0...O|
| e3 c2 0d d8 4e c8 1d 57 16 51 08 df a6 d4 76 68 |....N..W.Q....vh|
| 7d 47 f5 d4 03 33 8b 2b 10 fd 25 82 e8 80 ab bb |}G...3.+..%.....|
| 13 5f f7 bc 10 a9 5d 77 8b f2 85 05 ec e7 7d dd |._....]w......}.|
| 39 03 9a 09 ea c5 c8 d7 88 3f 12 2e 86 30 bd ae |9........?...0..|
| 02 d8 fb 87 20 7c bb 3d 9a b7 c9 de 4e b5 43 fb |.... |.=....N.C.|
| 87 d6 4f 34 cd 3b 42 7c 8c 5c db 8c 4a 49 4c a0 |..O4.;B|.\..JIL.|
| 0a bc d9 cd 85 43 4e 9e e4 1a ea 52 d6 b3 13 5c |.....CN....R...\|
| ec 19 03 e6 3c 90 8d 77 8d 64 00 d3 be d8 74 09 |....<..w.d....t.|
| 1e 0e 64 0c df bf 3c 6b db cc e2 b6 1e c2 eb 29 |..d...<k.......)|
| a7 74 96 c6 05 27 41 2d 65 95 79 ea 2a bd db 93 |.t...'A-e.y.*...|
| 4a 60 9c 7b 03 bc 72 d1 c2 8c f1 bc 7a 24 03 f5 |J`.{..r.....z$..|
| c5 f9 29 a2 41 d9 96 f3 b9 e1 c0 a0 e3 89 8d c3 |..).A...........|
| 07 da 89 c6 bc 3a 3b 3a 32 81 db 94 4e 28 53 5d |.....:;:2...N(S]|
| 70 5f 9c aa 92 56 f0 be ae 5c eb 6e 98 c2 d3 ba |p_...V...\.n....|
| bc b6 1f 41 46 8c 35 43 9c 62 ca d5 e0 13 77 c0 |...AF.5C.b....w.|
| af b0 64 2d 99 21 83 ee 51 ce d7 97 88 52 f9 66 |..d-.!..Q....R.f|
| 7b 7d c9 e6 85 c9 bb 24 cb e3 c8 f9 8d 7c 6f 4a |{}.....$.....|oJ|
| aa 0e c6 10 1c 48 e3 4f ef 06 97 57 ba 77 d3 98 |.....H.O...W.w..|
| eb 3e 39 a2 fd 50 65 f7 61 64 e5 83 82 99 2a d6 |.>9..Pe.ad....*.|
| 32 9c 7a 15 19 13 f2 4f f6 45 78 8a 70 d5 39 7a |2.z....O.Ex.p.9z|
| e4 0e 3a 57 1e 5c 2e 21 b3 d9 a0 22 0a b4 66 a3 |..:W.\.!..."..f.|
| 61 47 54 d1 4a 45 58 60 36 16 32 89 42 3e df 4c |aGT.JEX`6.2.B>.L|
| af 56 c5 e5 2a bf 39 7a 12 8f 7e e1 a6 19 c0 8e |.V..*.9z..~.....|
| b6 25 3a e7 f6 8f c3 f8 44 c6 43 2d 53 b2 6e 45 |.%:.....D.C-S.nE|
| ed 03 1b c4 9e 58 80 50 2f af 34 63 5d 99 8c 2f |.....X.P/.4c]../|
| 3f d0 35 fb 16 bb a4 a0 3a 2b d8 c1 b9 67 7f 02 |?.5.....:+...g..|
| 91 31 98 b6 a8 fd 85 fc 8a f0 8e 05 f3 cd ea 66 |.1.............f|
| 7a 78 e1 82 38 c3 a0 b5 cf 2c 5c 9a 9c 55 3c c3 |zx..8....,\..U<.|
| ab 73 27 99 c4 5b 7f 35 ad fe b7 0e 42 d7 dc 61 |.s'..[.5....B..a|
| 27 17 8a 93 ea 57 f9 b8 7f 7b a5 af 13 d9 06 e8 |'....W...{......|
| 5e 97 0d 0c 49 11 99 18 cc 39 0c f7 c3 ff 63 00 |^...I....9....c.|
| 0f da ac 20 1f 88 d4 82 c4 9e 16 a8 0b bd bb e2 |... ............|
| 73 2d e8 c9 d9 69 7c 00 29 d1 8d cc b3 ed b4 02 |s-...i|.).......|
| 10 f2 20 e1 56 3a 8b c0 a9 84 ba e1 1d 64 71 a0 |.. .V:.......dq.|
| 8f ff ac 0f c1 cb 36 50 92 7e dc 92 11 7c 26 b3 |......6P.~...|&.|
| da 72 56 38 bd 7d 75 f2 15 f2 d1 1d 6a e5 44 b1 |.rV8.}u.....j.D.|
| 72 61 95 91 e5 81 93 2e 2a cf cc 00 6e d6 f1 b7 |ra......*...n...|
| 15 cd 78 6a 0c 8b 02 b3 2a 71 54 a0 82 1e 29 f5 |..xj....*qT...).|
| 43 67 40 c7 58 29 ad bf e5 27 66 bc ac 45 ff 3f |Cg@.X)...'f..E.?|
| 6c ed 95 ec b3 0a 16 94 7b 6d 53 1a 79 50 13 6a |l.......{mS.yP.j|
| ce 13 14 47 a6 9b b3 f3 6a ad 3f da a2 54 ff 79 |...G....j.?..T.y|
| d1 e3 47 3c 49 57 f4 8a 89 c0 4c eb 8a 01 ba 41 |..G<IW....L....A|
| e5 58 af 10 af bf 5f 6c 96 47 7e 62 03 57 a1 20 |.X...._l.G~b.W. |
| d7 aa 72 d7 78 18 5d 04 aa af b9 88 51 9f ac ba |..r.x.].....Q...|
| c1 5c 3a c0 1a 5b 43 69 77 70 79 5d ce b6 a5 e5 |.\:..[Ciwpy]....|
| a8 d2 52 9b 58 52 96 e5 fd ae 14 39 e3 76 71 4e |..R.XR.....9.vqN|
| a7 17 c1 14 8c 2f 4f ed 0f d5 f8 74 45          |...../O....tE   |
ssl_decrypt_record: allocating 989 bytes for decrypt data (old len 428)
nonce[12]:
| ee 08 46 fe fe 80 84 06 0f 45 4b 48             |..F......EKH    |
AAD[13]:
| 00 00 00 00 00 00 00 03 16 03 03 03 a5          |.............   |
auth_tag(OK)[16]:
| 76 71 4e a7 17 c1 14 8c 2f 4f ed 0f d5 f8 74 45 |vqN...../O....tE|
Plaintext[933]:
| 0b 00 03 a1 00 03 9e 00 03 9b 30 82 03 97 30 82 |..........0...0.|
| 02 7f a0 03 02 01 02 02 09 00 f5 1c 89 6d c1 6c |.............m.l|
| a1 01 30 0d 06 09 2a 86 48 86 f7 0d 01 01 0b 05 |..0...*.H.......|
| 00 30 62 31 1c 30 1a 06 03 55 04 0a 0c 13 44 6f |.0b1.0...U....Do|
| 76 65 63 6f 74 20 6d 61 69 6c 20 73 65 72 76 65 |vecot mail serve|
| 72 31 12 30 10 06 03 55 04 0b 0c 09 6c 6f 63 61 |r1.0...U....loca|
| 6c 68 6f 73 74 31 12 30 10 06 03 55 04 03 0c 09 |lhost1.0...U....|
| 6c 6f 63 61 6c 68 6f 73 74 31 1a 30 18 06 09 2a |localhost1.0...*|
| 86 48 86 f7 0d 01 09 01 16 0b 72 6f 6f 74 40 75 |.H........root@u|
| 62 75 6e 74 75 30 1e 17 0d 31 35 30 31 33 30 31 |buntu0...1501301|
| 34 33 33 33 31 5a 17 0d 32 35 30 31 32 39 31 34 |43331Z..25012914|
| 33 33 33 31 5a 30 62 31 1c 30 1a 06 03 55 04 0a |3331Z0b1.0...U..|
| 0c 13 44 6f 76 65 63 6f 74 20 6d 61 69 6c 20 73 |..Dovecot mail s|
| 65 72 76 65 72 31 12 30 10 06 03 55 04 0b 0c 09 |erver1.0...U....|
| 6c 6f 63 61 6c 68 6f 73 74 31 12 30 10 06 03 55 |localhost1.0...U|
| 04 03 0c 09 6c 6f 63 61 6c 68 6f 73 74 31 1a 30 |....localhost1.0|
| 18 06 09 2a 86 48 86 f7 0d 01 09 01 16 0b 72 6f |...*.H........ro|
| 6f 74 40 75 62 75 6e 74 75 30 82 01 22 30 0d 06 |ot@ubuntu0.."0..|
| 09 2a 86 48 86 f7 0d 01 01 01 05 00 03 82 01 0f |.*.H............|
| 00 30 82 01 0a 02 82 01 01 00 bd 1d 54 fd ed 1c |.0..........T...|
| f1 70 bf 21 ea df 73 82 2b fd 45 00 38 4c 86 26 |.p.!..s.+.E.8L.&|
| ca 2a d1 c8 fa 76 81 7c a8 c5 ea 9b 22 0d dd 80 |.*...v.|...."...|
| e6 f9 25 0e cd 52 5e 85 c8 dc f3 2e d2 c4 4d 6b |..%..R^.......Mk|
| f4 0b 9c d3 d5 3e 77 be 92 5f 9c 80 06 39 48 0b |.....>w.._...9H.|
| af 68 1b c1 72 e4 89 27 cb 0b ef 30 8c a0 ae c0 |.h..r..'...0....|
| e3 e3 13 84 a3 1f 64 e7 ee db 41 3d e4 6c a3 71 |......d...A=.l.q|
| de 85 97 66 48 ca 8d 76 d5 89 e9 2b e9 8b b6 2a |...fH..v...+...*|
| 57 8d 70 8c 2a 6f 8f 63 13 91 fc 99 89 e5 32 f5 |W.p.*o.c......2.|
| 35 8b f4 18 81 5e 2e 3a 44 99 b6 a5 3a 77 45 32 |5....^.:D...:wE2|
| 96 7e 45 47 f7 ab 80 48 7a ba 26 2f 53 9f bb 72 |.~EG...Hz.&/S..r|
| ae aa c8 c4 c0 7d 86 80 c4 c7 f3 f6 eb 42 1e 41 |.....}.......B.A|
| 2f d6 3d 48 41 f3 3c 4d 5f dc d7 83 2a ba a0 4d |/.=HA.<M_...*..M|
| 33 bc 84 04 52 2d 8c 8c 3e c7 13 02 5e ae b0 07 |3...R-..>...^...|
| f5 12 a1 fa c8 b4 1b 82 a2 b0 29 4c 5e 8b 67 78 |..........)L^.gx|
| 4d 41 69 d0 90 83 89 22 83 7b db 51 35 4e 45 09 |MAi....".{.Q5NE.|
| 6f af 53 ff 2d 60 e9 fd 47 95 02 03 01 00 01 a3 |o.S.-`..G.......|
| 50 30 4e 30 1d 06 03 55 1d 0e 04 16 04 14 1a 29 |P0N0...U.......)|
| 08 fa 78 9d dc 24 36 b7 3f b5 90 a6 52 fa bb 53 |..x..$6.?...R..S|
| 89 87 30 1f 06 03 55 1d 23 04 18 30 16 80 14 1a |..0...U.#..0....|
| 29 08 fa 78 9d dc 24 36 b7 3f b5 90 a6 52 fa bb |)..x..$6.?...R..|
| 53 89 87 30 0c 06 03 55 1d 13 04 05 30 03 01 01 |S..0...U....0...|
| ff 30 0d 06 09 2a 86 48 86 f7 0d 01 01 0b 05 00 |.0...*.H........|
| 03 82 01 01 00 45 41 c8 15 0c 4a 7e 9c a5 be e5 |.....EA...J~....|
| 63 5b 9e e9 e2 7e e8 b0 92 39 34 87 7c d3 21 25 |c[...~...94.|.!%|
| 42 32 ce 57 a8 74 d2 49 97 99 8f d1 3b f7 1a 68 |B2.W.t.I....;..h|
| 37 05 ea 0a f2 0a 56 60 f6 4b 54 59 e4 e1 d3 66 |7.....V`.KTY...f|
| 46 a9 c8 31 20 4c 32 e3 81 f4 cb e9 48 9b be 06 |F..1 L2.....H...|
| 5d 63 85 32 05 b4 44 b4 a2 8d e0 ec b3 2e bd d2 |]c.2..D.........|
| 35 2d e1 11 b5 98 34 7b 51 41 84 58 86 96 ba be |5-....4{QA.X....|
| f5 08 f3 f9 c5 7f b4 fa 4c bf 73 a5 30 51 ac 6f |........L.s.0Q.o|
| dc 68 94 b0 e8 05 67 4d f0 f9 d2 28 cb ee 57 2c |.h....gM...(..W,|
| 3a d5 98 7a 19 57 05 41 ca 92 a8 36 b4 53 30 8c |:..z.W.A...6.S0.|
| 83 1a 2e 14 12 ae 93 c5 f2 72 f3 c3 8c a5 25 be |.........r....%.|
| 67 f7 74 62 0b 73 1a 98 88 a3 3c 07 c1 d6 4a 0f |g.tb.s....<...J.|
| 0e be e1 df 4e 2e ff c1 2f 4c a2 55 c6 d7 67 e1 |....N.../L.U..g.|
| 6a ef 1f 5d a3 29 b6 b2 8f ff b3 bb fa ef a9 e9 |j..].)..........|
| 5a 9a ab 41 f3 6d e8 ff 02 1d 09 fd 77 8d 2a 52 |Z..A.m......w.*R|
| 56 16 4f 53 f7 ee 7a 21 c2 6f 74 6b 23 8b 0d 05 |V.OS..z!.otk#...|
| fd 9d f4 50 c9                                  |...P.           |
dissect_ssl3_handshake iteration 1 type 11 offset 0 length 929 bytes, remaining 933 
Calculating hash with offset 0 933
lookup(KeyID)[20]:
| a9 61 22 91 f1 5e 66 bb ca 86 ab 54 f6 82 86 40 |.a"..^f....T...@|
| e7 c0 42 63                                     |..Bc            |
ssl_find_private_key_by_pubkey: lookup result: (nil)
  record: offset = 1081, reported_length_remaining = 427
dissect_ssl3_record: content_type 22 Handshake
decrypt_ssl3_record: app_data len 389, ssl state 0x17
packet_from_server: is from server - TRUE
decrypt_ssl3_record: using server decoder
ssl_decrypt_record ciphertext len 389
Ciphertext[389]:
| fe 80 84 06 0f 45 4b 49 55 b0 9f 46 ca 80 42 f1 |.....EKIU..F..B.|
| 4c b8 f9 60 78 fa c5 07 89 11 06 d9 d1 b2 47 6a |L..`x.........Gj|
| cf 71 8b 65 d6 2c 1d 03 8a f5 ed 7d 58 d9 83 f8 |.q.e.,.....}X...|
| 09 35 22 c4 78 36 18 e3 95 62 a2 8b 4a 66 52 73 |.5".x6...b..JfRs|
| ce d3 02 ba 84 34 17 50 d8 19 7e 66 2d 18 28 d0 |.....4.P..~f-.(.|
| af bd ab 92 e2 83 33 c8 3e c1 e8 21 86 b3 b6 f4 |......3.>..!....|
| 39 4e ff a0 8a bf 87 ca 99 7d 05 6b e0 a1 10 4e |9N.......}.k...N|
| 73 ff 02 07 06 be 29 6c b4 a9 83 58 49 0e 70 b6 |s.....)l...XI.p.|
| 32 9b 0a 70 3f ca 55 0a c0 88 65 71 6f 35 6f f7 |2..p?.U...eqo5o.|
| 4e c9 51 25 5b 72 76 43 3e c7 62 90 98 60 68 24 |N.Q%[rvC>.b..`h$|
| e8 0f a0 e9 76 39 ed f3 bf ec 84 1c fd 17 e0 22 |....v9........."|
| 60 98 c4 34 96 03 a6 1e af 1e ec b2 f7 2c 9b cb |`..4.........,..|
| f9 a0 82 b1 39 4c cd 99 36 da c8 ce d1 54 09 cd |....9L..6....T..|
| 57 64 19 87 ad 20 a6 25 b4 6c 1d 87 65 1a 09 8a |Wd... .%.l..e...|
| f1 a0 a5 0d e5 4a 15 72 e9 50 be 63 64 e1 33 28 |.....J.r.P.cd.3(|
| 67 c9 fe 2d a6 8a ee 81 0f 8a 7b 90 45 ca 99 5b |g..-......{.E..[|
| ac 23 04 48 8b a2 24 86 d1 40 14 bb 16 54 13 43 |.#.H..$..@...T.C|
| 14 01 1a 06 5e a1 8d 97 1e 3e 5f fe c3 a4 96 79 |....^....>_....y|
| 95 23 f1 ff fe 8a 58 c8 95 66 a1 14 50 1a b0 f2 |.#....X..f..P...|
| cc a5 ee 7d 30 e7 e8 e8 98 9e 40 9b df 6c 81 95 |...}0.....@..l..|
| c5 cc 1b 40 c1 7e e9 cf 6e ed b8 47 f1 25 6c 53 |...@.~..n..G.%lS|
| 2e ee 58 1d 01 58 a8 d8 b2 1e a9 19 e4 6c 01 6a |..X..X.......l.j|
| a0 4c 61 83 28 c5 b3 49 25 1e e1 c6 cf ac 24 ca |.La.(..I%.....$.|
| 89 a4 85 8d 89 fc 4f 38 1b 0f d1 0b 19 4d 34 f7 |......O8.....M4.|
| cd 96 61 1e 25                                  |..a.%           |
nonce[12]:
| ee 08 46 fe fe 80 84 06 0f 45 4b 49             |..F......EKI    |
AAD[13]:
| 00 00 00 00 00 00 00 04 16 03 03 01 6d          |............m   |
auth_tag(OK)[16]:
| fc 4f 38 1b 0f d1 0b 19 4d 34 f7 cd 96 61 1e 25 |.O8.....M4...a.%|
Plaintext[365]:
| 0c 00 01 69 03 00 18 61 04 a1 71 ac 92 35 70 4a |...i...a..q..5pJ|
| cd da f4 f2 e5 f2 e7 df 9c 94 a1 ce 3e ed 5b 66 |............>.[f|
| ce d2 9b 79 58 4d 33 a2 d3 17 85 63 7b 4d fb 27 |...yXM3....c{M.'|
| b2 de 23 03 57 de a1 bb 1a 22 6c 51 61 7d b7 78 |..#.W...."lQa}.x|
| 32 59 f9 11 c1 36 4c 26 29 fe ad 5e 80 80 44 c0 |2Y...6L&)..^..D.|
| b6 c3 fa 28 26 0c d7 f5 64 3c c3 5b 7b b6 d6 58 |...(&...d<.[{..X|
| f2 68 a9 bd 4c 5c 27 15 f2 06 01 01 00 14 23 3b |.h..L\'.......#;|
| ae 10 78 85 f7 2e 7f b1 3b 22 e8 e4 de 77 2e 3f |..x.....;"...w.?|
| 8e b6 3c d2 6e cb fe c3 5e 1d 55 0b 3e 93 77 97 |..<.n...^.U.>.w.|
| c0 01 6c 4d bd 82 87 99 61 1d c4 c7 c2 fe 4e ac |..lM....a.....N.|
| 47 40 ed c0 3e 72 08 c6 f2 01 73 94 48 47 ed 47 |G@..>r....s.HG.G|
| 1a c3 59 c3 13 ac cf cd 01 b0 16 a6 4a 92 3a 55 |..Y.........J.:U|
| 1f a2 52 08 99 06 65 3a 59 e6 ab 9e 76 7e 76 6c |..R...e:Y...v~vl|
| ee ce 4b 41 6b 26 84 ae 1e 47 07 4a 0a 3a b3 df |..KAk&...G.J.:..|
| c3 8d 6e 82 f1 24 1b 31 ad a3 db 6f c2 a9 ab 64 |..n..$.1...o...d|
| 84 20 64 8b d4 fa 56 4c fe f8 8b cd 1d 83 63 41 |. d...VL......cA|
| da 66 21 6b 77 26 3c 96 f9 98 52 8c a0 bc cc 32 |.f!kw&<...R....2|
| a0 b9 67 f4 bd d6 fa 40 5c 00 0e 41 fd 07 b4 e6 |..g....@\..A....|
| 25 52 1e 8b 04 20 86 1d 02 eb a1 84 4f 43 87 ce |%R... ......OC..|
| d1 33 76 8c fa 54 0e 35 38 a8 82 4b 9c 02 29 d5 |.3v..T.58..K..).|
| 92 f0 10 c4 c3 11 dd d6 a1 32 43 8f d9 95 ac ea |.........2C.....|
| 0a 6e c1 e7 bc d5 40 74 25 b5 34 38 86 cf de 44 |.n....@t%.48...D|
| f9 16 5b 9b 36 52 78 2a 25 6e 25 1d d8          |..[.6Rx*%n%..   |
dissect_ssl3_handshake iteration 1 type 12 offset 0 length 361 bytes, remaining 365 
Calculating hash with offset 0 365
  record: offset = 1475, reported_length_remaining = 33
dissect_ssl3_record: content_type 22 Handshake
decrypt_ssl3_record: app_data len 28, ssl state 0x17
packet_from_server: is from server - TRUE
decrypt_ssl3_record: using server decoder
ssl_decrypt_record ciphertext len 28
Ciphertext[28]:
| fe 80 84 06 0f 45 4b 4a c3 e8 67 f5 13 72 f0 4e |.....EKJ..g..r.N|
| aa 4a ac 35 01 30 18 2b 2a 1a 94 97             |.J.5.0.+*...    |
nonce[12]:
| ee 08 46 fe fe 80 84 06 0f 45 4b 4a             |..F......EKJ    |
AAD[13]:
| 00 00 00 00 00 00 00 05 16 03 03 00 04          |.............   |
auth_tag(OK)[16]:
| 13 72 f0 4e aa 4a ac 35 01 30 18 2b 2a 1a 94 97 |.r.N.J.5.0.+*...|
Plaintext[4]:
| 0e 00 00 00                                     |....            |
dissect_ssl3_handshake iteration 1 type 14 offset 0 length 0 bytes, remaining 4 
Calculating hash with offset 0 4

dissect_ssl enter frame #25 (first time)
packet_from_server: is from server - FALSE
  conversation = 0x7fe948c15b00, ssl_session = 0x7fe948c17090
  record: offset = 0, reported_length_remaining = 206
dissect_ssl3_record: content_type 22 Handshake
decrypt_ssl3_record: app_data len 126, ssl state 0x17
packet_from_server: is from server - FALSE
decrypt_ssl3_record: using client decoder
ssl_decrypt_record ciphertext len 126
Ciphertext[126]:
| 60 75 48 cd f3 19 dd 9b c8 3b 5a 83 db cc bb 92 |`uH......;Z.....|
| 82 25 34 e5 d7 3d b7 74 7f c2 32 74 3a 63 a6 a5 |.%4..=.t..2t:c..|
| 5d 9b c8 2f ea d7 b7 14 52 ac 03 80 c1 7e 82 ad |]../....R....~..|
| 49 27 17 6f f3 1e 1f 5b ca 10 a7 5d 9e 2d 71 9d |I'.o...[...].-q.|
| 47 70 d4 01 d1 7c 0f 08 e0 41 cd 87 39 b2 de 73 |Gp...|...A..9..s|
| 3c 2b 6e 0c b3 2b c0 1d 62 df 56 89 2c a9 4e f3 |<+n..+..b.V.,.N.|
| 80 f0 1e 4a 1d d5 9b 6c 09 77 d6 71 0b c7 1c e7 |...J...l.w.q....|
| a5 f4 23 38 3d b0 b4 5d 61 a7 50 8d 2a 5b       |..#8=..]a.P.*[  |
nonce[12]:
| a9 ee 94 1b 60 75 48 cd f3 19 dd 9b             |....`uH.....    |
AAD[13]:
| 00 00 00 00 00 00 00 03 16 03 03 00 66          |............f   |
auth_tag(OK)[16]:
| 1c e7 a5 f4 23 38 3d b0 b4 5d 61 a7 50 8d 2a 5b |....#8=..]a.P.*[|
Plaintext[102]:
| 10 00 00 62 61 04 78 e7 05 dd 73 8a d3 33 a8 9a |...ba.x...s..3..|
| 4e a1 bd 40 3a 3f 9c 76 05 9f bd 9b 1d b5 ef a7 |N..@:?.v........|
| 69 9e 46 1a bf fe 75 54 0a 7d c3 3f 73 44 65 64 |i.F...uT.}.?sDed|
| b8 06 d5 9f 10 05 dd 08 68 3b 1d 81 42 a6 74 ea |........h;..B.t.|
| 58 36 8b b0 9f b6 44 2e 3f d2 15 ad 90 68 26 e9 |X6....D.?....h&.|
| d3 98 a4 e6 21 0f be 70 2e d7 5b f7 72 6f b1 d6 |....!..p..[.ro..|
| 95 11 35 f2 6e 36                               |..5.n6          |
dissect_ssl3_handshake iteration 1 type 16 offset 0 length 98 bytes, remaining 102 
Calculating hash with offset 0 102
trying to use SSL keylog in /home/ubuntu18/diploma-1/dpl/ssl_keys/pop-ssl.key
ssl_generate_pre_master_secret: found SSL_HND_CLIENT_KEY_EXCHG, state 17
ssl_restore_master_key can't find pre-master secret by Unencrypted pre-master secret
ssl_restore_master_key can't find pre-master secret by Encrypted pre-master secret
dissect_ssl3_handshake can't generate pre master secret
  record: offset = 131, reported_length_remaining = 75
dissect_ssl3_record: content_type 20 Change Cipher Spec
decrypt_ssl3_record: app_data len 25, ssl state 0x17
packet_from_server: is from server - FALSE
decrypt_ssl3_record: using client decoder
ssl_decrypt_record ciphertext len 25
Ciphertext[25]:
| 60 75 48 cd f3 19 dd 9c 38 30 85 04 72 ff a6 a4 |`uH.....80..r...|
| 83 ba 0f 5c 3b 7f c9 ac 69                      |...\;...i       |
nonce[12]:
| a9 ee 94 1b 60 75 48 cd f3 19 dd 9c             |....`uH.....    |
AAD[13]:
| 00 00 00 00 00 00 00 04 14 03 03 00 01          |.............   |
auth_tag(OK)[16]:
| 30 85 04 72 ff a6 a4 83 ba 0f 5c 3b 7f c9 ac 69 |0..r......\;...i|
Plaintext[1]:
| 01                                              |.               |
trying to use SSL keylog in /home/ubuntu18/diploma-1/dpl/ssl_keys/pop-ssl.key
ssl_finalize_decryption state = 0x17
ssl_restore_master_key can't restore master secret using an empty Session ID
ssl_restore_master_key master secret retrieved using Client Random
Client Random[32]:
| 79 5a 4c 3d 4d 18 e0 df 22 1d 28 9a a9 a8 2b 9b |yZL=M...".(...+.|
| 33 c5 fc 76 02 25 8e 7f 30 78 74 15 0f ed d2 67 |3..v.%..0xt....g|
(pre-)master secret[48]:
| 71 7f 70 c6 73 3f f9 c1 d7 aa 6c 28 44 84 f6 b5 |q.p.s?....l(D...|
| 38 50 77 41 9c 93 a2 1e f0 17 1f ce 35 b9 c0 8e |8PwA........5...|
| 32 fe 1d 2b 91 11 6f d2 52 a0 34 80 77 23 2b fa |2..+..o.R.4.w#+.|
ssl_generate_keyring_material CIPHER: AES256
ssl_generate_keyring_material sess key generation
tls12_prf: tls_hash(hash_alg SHA384 secret_len 48 seed_len 77 )
tls_hash: hash secret[48]:
| 71 7f 70 c6 73 3f f9 c1 d7 aa 6c 28 44 84 f6 b5 |q.p.s?....l(D...|
| 38 50 77 41 9c 93 a2 1e f0 17 1f ce 35 b9 c0 8e |8PwA........5...|
| 32 fe 1d 2b 91 11 6f d2 52 a0 34 80 77 23 2b fa |2..+..o.R.4.w#+.|
tls_hash: hash seed[77]:
| 6b 65 79 20 65 78 70 61 6e 73 69 6f 6e 77 3b de |key expansionw;.|
| b7 b7 58 a5 89 c3 22 10 b4 99 46 38 8d 06 f6 55 |..X..."...F8...U|
| 78 18 9f db a8 e1 d7 a8 d7 03 ad c8 c9 79 5a 4c |x............yZL|
| 3d 4d 18 e0 df 22 1d 28 9a a9 a8 2b 9b 33 c5 fc |=M...".(...+.3..|
| 76 02 25 8e 7f 30 78 74 15 0f ed d2 67          |v.%..0xt....g   |
hash out[168]:
| 2a 42 74 18 f4 9c 0a b8 2e 5d b6 51 32 bd 9f 49 |*Bt......].Q2..I|
| 5d 45 e6 81 78 f3 32 29 af 80 a5 2b 1d 68 3b bd |]E..x.2)...+.h;.|
| 9b cc 9a 08 6c 03 f4 4b f7 16 86 78 e6 17 db b9 |....l..K...x....|
| 9e c5 70 aa 1d e4 c2 a6 f8 ac 23 da 9d ee 8d 29 |..p.......#....)|
| cc 7f 3b 80 12 1f 5f cd a9 08 9c f1 f1 25 5d ef |..;..._......%].|
| cf 79 e6 36 85 53 93 47 47 7d a0 63 1f b5 89 38 |.y.6.S.GG}.c...8|
| 7b 25 79 ae ae b1 d8 c9 d0 50 9e 17 0d da 47 7d |{%y......P....G}|
| 09 46 f2 3c 2c c2 06 28 f0 50 44 ce 26 45 e5 f3 |.F.<,..(.PD.&E..|
| 2e cb 8f 66 14 1f 25 b3 59 d8 a3 eb f5 16 64 1b |...f..%.Y.....d.|
| 29 7b 8a ef cf e1 b0 29 86 57 4a 97 47 97 43 9f |){.....).WJ.G.C.|
| de dc 58 8f 72 e5 2d b7                         |..X.r.-.        |
PRF out[168]:
| 2a 42 74 18 f4 9c 0a b8 2e 5d b6 51 32 bd 9f 49 |*Bt......].Q2..I|
| 5d 45 e6 81 78 f3 32 29 af 80 a5 2b 1d 68 3b bd |]E..x.2)...+.h;.|
| 9b cc 9a 08 6c 03 f4 4b f7 16 86 78 e6 17 db b9 |....l..K...x....|
| 9e c5 70 aa 1d e4 c2 a6 f8 ac 23 da 9d ee 8d 29 |..p.......#....)|
| cc 7f 3b 80 12 1f 5f cd a9 08 9c f1 f1 25 5d ef |..;..._......%].|
| cf 79 e6 36 85 53 93 47 47 7d a0 63 1f b5 89 38 |.y.6.S.GG}.c...8|
| 7b 25 79 ae ae b1 d8 c9 d0 50 9e 17 0d da 47 7d |{%y......P....G}|
| 09 46 f2 3c 2c c2 06 28 f0 50 44 ce 26 45 e5 f3 |.F.<,..(.PD.&E..|
| 2e cb 8f 66 14 1f 25 b3 59 d8 a3 eb f5 16 64 1b |...f..%.Y.....d.|
| 29 7b 8a ef cf e1 b0 29 86 57 4a 97 47 97 43 9f |){.....).WJ.G.C.|
| de dc 58 8f 72 e5 2d b7                         |..X.r.-.        |
key expansion[168]:
| 2a 42 74 18 f4 9c 0a b8 2e 5d b6 51 32 bd 9f 49 |*Bt......].Q2..I|
| 5d 45 e6 81 78 f3 32 29 af 80 a5 2b 1d 68 3b bd |]E..x.2)...+.h;.|
| 9b cc 9a 08 6c 03 f4 4b f7 16 86 78 e6 17 db b9 |....l..K...x....|
| 9e c5 70 aa 1d e4 c2 a6 f8 ac 23 da 9d ee 8d 29 |..p.......#....)|
| cc 7f 3b 80 12 1f 5f cd a9 08 9c f1 f1 25 5d ef |..;..._......%].|
| cf 79 e6 36 85 53 93 47 47 7d a0 63 1f b5 89 38 |.y.6.S.GG}.c...8|
| 7b 25 79 ae ae b1 d8 c9 d0 50 9e 17 0d da 47 7d |{%y......P....G}|
| 09 46 f2 3c 2c c2 06 28 f0 50 44 ce 26 45 e5 f3 |.F.<,..(.PD.&E..|
| 2e cb 8f 66 14 1f 25 b3 59 d8 a3 eb f5 16 64 1b |...f..%.Y.....d.|
| 29 7b 8a ef cf e1 b0 29 86 57 4a 97 47 97 43 9f |){.....).WJ.G.C.|
| de dc 58 8f 72 e5 2d b7                         |..X.r.-.        |
Client Write key[32]:
| 2a 42 74 18 f4 9c 0a b8 2e 5d b6 51 32 bd 9f 49 |*Bt......].Q2..I|
| 5d 45 e6 81 78 f3 32 29 af 80 a5 2b 1d 68 3b bd |]E..x.2)...+.h;.|
Server Write key[32]:
| 9b cc 9a 08 6c 03 f4 4b f7 16 86 78 e6 17 db b9 |....l..K...x....|
| 9e c5 70 aa 1d e4 c2 a6 f8 ac 23 da 9d ee 8d 29 |..p.......#....)|
Client Write IV[4]:
| cc 7f 3b 80                                     |..;.            |
Server Write IV[4]:
| 12 1f 5f cd                                     |.._.            |
ssl_generate_keyring_material ssl_create_decoder(client)
decoder initialized (digest len 48)
ssl_generate_keyring_material ssl_create_decoder(server)
decoder initialized (digest len 48)
ssl_generate_keyring_material: client seq 0, server seq 0
ssl_save_master_key inserted (pre-)master secret for Client Random
stored key[32]:
| 79 5a 4c 3d 4d 18 e0 df 22 1d 28 9a a9 a8 2b 9b |yZL=M...".(...+.|
| 33 c5 fc 76 02 25 8e 7f 30 78 74 15 0f ed d2 67 |3..v.%..0xt....g|
stored (pre-)master secret[48]:
| 71 7f 70 c6 73 3f f9 c1 d7 aa 6c 28 44 84 f6 b5 |q.p.s?....l(D...|
| 38 50 77 41 9c 93 a2 1e f0 17 1f ce 35 b9 c0 8e |8PwA........5...|
| 32 fe 1d 2b 91 11 6f d2 52 a0 34 80 77 23 2b fa |2..+..o.R.4.w#+.|
ssl_save_master_key: not saving empty Session ID!
packet_from_server: is from server - FALSE
ssl_change_cipher CLIENT
  record: offset = 161, reported_length_remaining = 45
dissect_ssl3_record: content_type 22 Handshake
decrypt_ssl3_record: app_data len 40, ssl state 0x3F
packet_from_server: is from server - FALSE
decrypt_ssl3_record: using client decoder
ssl_decrypt_record ciphertext len 40
Ciphertext[40]:
| 00 24 59 cb 5a 15 69 29 e9 d0 b1 be 4c 0c 02 eb |.$Y.Z.i)....L...|
| f8 e3 14 7a 5e f9 39 cb a7 9e ef 2a 98 c1 67 cd |...z^.9....*..g.|
| 77 db d2 e1 8a 61 56 4e                         |w....aVN        |
nonce[12]:
| cc 7f 3b 80 00 24 59 cb 5a 15 69 29             |..;..$Y.Z.i)    |
AAD[13]:
| 00 00 00 00 00 00 00 00 16 03 03 00 10          |.............   |
auth_tag(OK)[16]:
| a7 9e ef 2a 98 c1 67 cd 77 db d2 e1 8a 61 56 4e |...*..g.w....aVN|
Plaintext[16]:
| 14 00 00 0c 7e 23 bc 0c 9f 56 ab 33 5e 5b ed f2 |....~#...V.3^[..|
dissect_ssl3_handshake iteration 1 type 20 offset 0 length 12 bytes, remaining 16 
trying to use SSL keylog in /home/ubuntu18/diploma-1/dpl/ssl_keys/pop-ssl.key
tls13_load_secret TLS version 0x303 is not 1.3

dissect_ssl enter frame #27 (first time)
packet_from_server: is from server - TRUE
  conversation = 0x7fe948c15b00, ssl_session = 0x7fe948c17090
  record: offset = 0, reported_length_remaining = 274
dissect_ssl3_record: content_type 22 Handshake
decrypt_ssl3_record: app_data len 194, ssl state 0x3F
packet_from_server: is from server - TRUE
decrypt_ssl3_record: using server decoder
ssl_decrypt_record ciphertext len 194
Ciphertext[194]:
| fe 80 84 06 0f 45 4b 4b 85 a8 de 72 b7 d1 3b 57 |.....EKK...r..;W|
| 0f ea 96 84 2d 79 1b 6b a7 ac 55 bf 7c 42 3e c4 |....-y.k..U.|B>.|
| 49 2d 1e e3 a1 91 cd b1 db f9 1b e2 17 51 e6 8a |I-...........Q..|
| a1 29 94 06 49 17 4d 81 c1 32 35 7e 10 d3 2c 1f |.)..I.M..25~..,.|
| bb 7b 86 c0 fd 27 a2 dc cc 2f fe a8 b7 7e 41 55 |.{...'.../...~AU|
| be b9 48 2b 99 44 c0 de d5 f5 98 2c 62 42 bb f5 |..H+.D.....,bB..|
| d9 54 64 17 1c 29 81 99 c2 4a 3f 58 73 4a c5 eb |.Td..)...J?XsJ..|
| 74 0a 04 c8 91 bd ac 03 3f b0 55 02 0d e1 92 b4 |t.......?.U.....|
| 47 b9 3f 5f 0e f0 46 79 ae 8f c3 b5 c2 74 02 7e |G.?_..Fy.....t.~|
| 4c a8 64 e4 f2 af 26 f1 76 fb 75 91 22 22 ae 05 |L.d...&.v.u.""..|
| b5 ba eb da 11 e8 19 15 9a b7 19 e5 e3 16 93 f6 |................|
| 27 67 df 7e db 84 2e d9 66 3b 26 e3 da 17 eb e7 |'g.~....f;&.....|
| 88 02                                           |..              |
nonce[12]:
| ee 08 46 fe fe 80 84 06 0f 45 4b 4b             |..F......EKK    |
AAD[13]:
| 00 00 00 00 00 00 00 06 16 03 03 00 aa          |.............   |
auth_tag(OK)[16]:
| df 7e db 84 2e d9 66 3b 26 e3 da 17 eb e7 88 02 |.~....f;&.......|
Plaintext[170]:
| 04 00 00 a6 00 00 01 2c 00 a0 86 a7 3f d1 cc 4b |.......,....?..K|
| f9 6e fa 98 07 e1 2d 27 ed ba e3 af 35 4b 34 23 |.n....-'....5K4#|
| f6 77 22 63 74 1b cd ee 3f 1b 7d a1 54 58 bd f3 |.w"ct...?.}.TX..|
| b7 e5 b4 03 fe 40 0c 81 a4 d7 39 fc 88 0b 37 9d |.....@....9...7.|
| a8 de 74 19 7a a7 cf 9d bc 72 49 17 13 bb e9 83 |..t.z....rI.....|
| b9 f1 bb 07 03 76 f5 9d 99 a6 b1 c2 e6 15 a0 9c |.....v..........|
| 18 a2 d9 ec 16 a4 f8 50 bd 22 35 5b 88 91 77 f0 |.......P."5[..w.|
| 6c 65 7a 28 cf f7 2e 6e c2 82 f6 8a 31 06 9d 35 |lez(...n....1..5|
| 07 b4 7e 8a 5c 7b 78 37 ae 7b 2d 81 be a3 74 61 |..~.\{x7.{-...ta|
| eb 57 5d ac cd c4 89 b4 e6 4c fa af ad 42 70 00 |.W]......L...Bp.|
| bf e4 ce d8 63 79 48 f6 b4 ba                   |....cyH...      |
dissect_ssl3_handshake iteration 1 type 4 offset 0 length 166 bytes, remaining 170 
ssl_save_master_key inserted (pre-)master secret for Session Ticket
stored key[160]:
| 86 a7 3f d1 cc 4b f9 6e fa 98 07 e1 2d 27 ed ba |..?..K.n....-'..|
| e3 af 35 4b 34 23 f6 77 22 63 74 1b cd ee 3f 1b |..5K4#.w"ct...?.|
| 7d a1 54 58 bd f3 b7 e5 b4 03 fe 40 0c 81 a4 d7 |}.TX.......@....|
| 39 fc 88 0b 37 9d a8 de 74 19 7a a7 cf 9d bc 72 |9...7...t.z....r|
| 49 17 13 bb e9 83 b9 f1 bb 07 03 76 f5 9d 99 a6 |I..........v....|
| b1 c2 e6 15 a0 9c 18 a2 d9 ec 16 a4 f8 50 bd 22 |.............P."|
| 35 5b 88 91 77 f0 6c 65 7a 28 cf f7 2e 6e c2 82 |5[..w.lez(...n..|
| f6 8a 31 06 9d 35 07 b4 7e 8a 5c 7b 78 37 ae 7b |..1..5..~.\{x7.{|
| 2d 81 be a3 74 61 eb 57 5d ac cd c4 89 b4 e6 4c |-...ta.W]......L|
| fa af ad 42 70 00 bf e4 ce d8 63 79 48 f6 b4 ba |...Bp.....cyH...|
stored (pre-)master secret[48]:
| 71 7f 70 c6 73 3f f9 c1 d7 aa 6c 28 44 84 f6 b5 |q.p.s?....l(D...|
| 38 50 77 41 9c 93 a2 1e f0 17 1f ce 35 b9 c0 8e |8PwA........5...|
| 32 fe 1d 2b 91 11 6f d2 52 a0 34 80 77 23 2b fa |2..+..o.R.4.w#+.|
  record: offset = 199, reported_length_remaining = 75
dissect_ssl3_record: content_type 20 Change Cipher Spec
decrypt_ssl3_record: app_data len 25, ssl state 0x43F
packet_from_server: is from server - TRUE
decrypt_ssl3_record: using server decoder
ssl_decrypt_record ciphertext len 25
Ciphertext[25]:
| fe 80 84 06 0f 45 4b 4c 37 03 eb 86 a8 2f de e9 |.....EKL7..../..|
| 7d e9 2f 95 51 9d 52 dd e6                      |}./.Q.R..       |
nonce[12]:
| ee 08 46 fe fe 80 84 06 0f 45 4b 4c             |..F......EKL    |
AAD[13]:
| 00 00 00 00 00 00 00 07 14 03 03 00 01          |.............   |
auth_tag(OK)[16]:
| 03 eb 86 a8 2f de e9 7d e9 2f 95 51 9d 52 dd e6 |..../..}./.Q.R..|
Plaintext[1]:
| 01                                              |.               |
ssl_dissect_change_cipher_spec Not using Session resumption
trying to use SSL keylog in /home/ubuntu18/diploma-1/dpl/ssl_keys/pop-ssl.key
ssl_finalize_decryption state = 0x43F
  session key already available, nothing to do.
packet_from_server: is from server - TRUE
ssl_change_cipher SERVER
  record: offset = 229, reported_length_remaining = 45
dissect_ssl3_record: content_type 22 Handshake
decrypt_ssl3_record: app_data len 40, ssl state 0x43F
packet_from_server: is from server - TRUE
decrypt_ssl3_record: using server decoder
ssl_decrypt_record ciphertext len 40
Ciphertext[40]:
| 8f fd 47 66 88 16 5d 08 fd c2 0d dc 7f 25 10 bf |..Gf..]......%..|
| 44 fc a3 60 d1 a0 f9 53 92 ba e2 54 d1 e2 7e b1 |D..`...S...T..~.|
| 48 07 8f 6c 62 66 74 eb                         |H..lbft.        |
nonce[12]:
| 12 1f 5f cd 8f fd 47 66 88 16 5d 08             |.._...Gf..].    |
AAD[13]:
| 00 00 00 00 00 00 00 00 16 03 03 00 10          |.............   |
auth_tag(OK)[16]:
| 92 ba e2 54 d1 e2 7e b1 48 07 8f 6c 62 66 74 eb |...T..~.H..lbft.|
Plaintext[16]:
| 14 00 00 0c 62 cb a7 ff 87 a9 ef c8 48 03 ef 16 |....b.......H...|
dissect_ssl3_handshake iteration 1 type 20 offset 0 length 12 bytes, remaining 16 
trying to use SSL keylog in /home/ubuntu18/diploma-1/dpl/ssl_keys/pop-ssl.key
tls13_load_secret TLS version 0x303 is not 1.3

dissect_ssl enter frame #29 (first time)
packet_from_server: is from server - FALSE
  conversation = 0x7fe948c15b00, ssl_session = 0x7fe948c17090
  record: offset = 0, reported_length_remaining = 34
dissect_ssl3_record: content_type 23 Application Data
decrypt_ssl3_record: app_data len 29, ssl state 0x43F
packet_from_server: is from server - FALSE
decrypt_ssl3_record: using client decoder
ssl_decrypt_record ciphertext len 29
Ciphertext[29]:
| 00 24 59 cb 5a 15 69 2a 31 24 fb ec 13 a8 00 7d |.$Y.Z.i*1$.....}|
| e5 cf 1d fc 59 a8 70 ae fb 5c 5b ac bb          |....Y.p..\[..   |
nonce[12]:
| cc 7f 3b 80 00 24 59 cb 5a 15 69 2a             |..;..$Y.Z.i*    |
AAD[13]:
| 00 00 00 00 00 00 00 01 17 03 03 00 05          |.............   |
auth_tag(OK)[16]:
| a8 00 7d e5 cf 1d fc 59 a8 70 ae fb 5c 5b ac bb |..}....Y.p..\[..|
Plaintext[5]:
| 43 41 50 41 0a                                  |CAPA.           |
ssl_add_record_info stored decrypted record seq=5 nxtseq=10 flow=0x7fe948c17aa0
dissect_ssl_payload decrypted len 5
decrypted app data fragment[5]:
| 43 41 50 41 0a                                  |CAPA.           |
process_ssl_payload: found handle 0x7fe94c2b6c50 (pop)
packet_from_server: is from server - FALSE

dissect_ssl enter frame #31 (first time)
packet_from_server: is from server - TRUE
  conversation = 0x7fe948c15b00, ssl_session = 0x7fe948c17090
  record: offset = 0, reported_length_remaining = 112
dissect_ssl3_record: content_type 23 Application Data
decrypt_ssl3_record: app_data len 107, ssl state 0x43F
packet_from_server: is from server - TRUE
decrypt_ssl3_record: using server decoder
ssl_decrypt_record ciphertext len 107
Ciphertext[107]:
| 8f fd 47 66 88 16 5d 09 a5 9c 74 2b 69 38 7c 96 |..Gf..]...t+i8|.|
| d8 2f 3a 18 fc 69 be c4 d6 3a fd 74 7a 8b 78 00 |./:..i...:.tz.x.|
| d8 f1 2f 60 04 ad 60 39 3d 06 66 d3 39 70 89 c8 |../`..`9=.f.9p..|
| 28 10 18 7b 58 3c 17 26 9f 55 71 46 fc 6e 34 e2 |(..{X<.&.UqF.n4.|
| 35 f7 66 4d 3c 9c fb 49 55 e1 fd 9e 43 8b b4 59 |5.fM<..IU...C..Y|
| 33 1c d2 38 c2 4e 0c 88 77 81 1c 1e 97 12 14 1b |3..8.N..w.......|
| d8 4d d7 e6 a2 55 8a 71 22 14 d5                |.M...U.q"..     |
nonce[12]:
| 12 1f 5f cd 8f fd 47 66 88 16 5d 09             |.._...Gf..].    |
AAD[13]:
| 00 00 00 00 00 00 00 01 17 03 03 00 53          |............S   |
auth_tag(OK)[16]:
| 1e 97 12 14 1b d8 4d d7 e6 a2 55 8a 71 22 14 d5 |......M...U.q"..|
Plaintext[83]:
| 2b 4f 4b 0d 0a 43 41 50 41 0d 0a 54 4f 50 0d 0a |+OK..CAPA..TOP..|
| 55 49 44 4c 0d 0a 52 45 53 50 2d 43 4f 44 45 53 |UIDL..RESP-CODES|
| 0d 0a 50 49 50 45 4c 49 4e 49 4e 47 0d 0a 41 55 |..PIPELINING..AU|
| 54 48 2d 52 45 53 50 2d 43 4f 44 45 0d 0a 55 53 |TH-RESP-CODE..US|
| 45 52 0d 0a 53 41 53 4c 20 50 4c 41 49 4e 0d 0a |ER..SASL PLAIN..|
| 2e 0d 0a                                        |...             |
ssl_add_record_info stored decrypted record seq=83 nxtseq=166 flow=0x7fe948c17ac0
dissect_ssl_payload decrypted len 83
decrypted app data fragment[83]:
| 2b 4f 4b 0d 0a 43 41 50 41 0d 0a 54 4f 50 0d 0a |+OK..CAPA..TOP..|
| 55 49 44 4c 0d 0a 52 45 53 50 2d 43 4f 44 45 53 |UIDL..RESP-CODES|
| 0d 0a 50 49 50 45 4c 49 4e 49 4e 47 0d 0a 41 55 |..PIPELINING..AU|
| 54 48 2d 52 45 53 50 2d 43 4f 44 45 0d 0a 55 53 |TH-RESP-CODE..US|
| 45 52 0d 0a 53 41 53 4c 20 50 4c 41 49 4e 0d 0a |ER..SASL PLAIN..|
| 2e 0d 0a                                        |...             |
process_ssl_payload: found handle 0x7fe94c2b6c50 (pop)
packet_from_server: is from server - TRUE

dissect_ssl enter frame #33 (first time)
packet_from_server: is from server - FALSE
  conversation = 0x7fe948c15b00, ssl_session = 0x7fe948c17090
  record: offset = 0, reported_length_remaining = 31
dissect_ssl3_record: content_type 21 Alert
decrypt_ssl3_record: app_data len 26, ssl state 0x43F
packet_from_server: is from server - FALSE
decrypt_ssl3_record: using client decoder
ssl_decrypt_record ciphertext len 26
Ciphertext[26]:
| 00 24 59 cb 5a 15 69 2b ca 86 03 43 06 d7 03 90 |.$Y.Z.i+...C....|
| 35 10 b6 8a c4 d3 d5 ae 00 49                   |5........I      |
nonce[12]:
| cc 7f 3b 80 00 24 59 cb 5a 15 69 2b             |..;..$Y.Z.i+    |
AAD[13]:
| 00 00 00 00 00 00 00 02 15 03 03 00 02          |.............   |
auth_tag(OK)[16]:
| 03 43 06 d7 03 90 35 10 b6 8a c4 d3 d5 ae 00 49 |.C....5........I|
Plaintext[2]:
| 01 00                                           |..              |

dissect_ssl enter frame #37 (first time)
packet_from_server: is from server - TRUE
  conversation = 0x7fe948c15b00, ssl_session = 0x7fe948c17090
  record: offset = 0, reported_length_remaining = 31
dissect_ssl3_record: content_type 21 Alert
decrypt_ssl3_record: app_data len 26, ssl state 0x43F
packet_from_server: is from server - TRUE
decrypt_ssl3_record: using server decoder
ssl_decrypt_record ciphertext len 26
Ciphertext[26]:
| 8f fd 47 66 88 16 5d 0a b8 ac 79 84 bc 65 07 38 |..Gf..]...y..e.8|
| e9 3b 0b a5 11 1e e4 ad 96 46                   |.;.......F      |
nonce[12]:
| 12 1f 5f cd 8f fd 47 66 88 16 5d 0a             |.._...Gf..].    |
AAD[13]:
| 00 00 00 00 00 00 00 02 15 03 03 00 02          |.............   |
auth_tag(OK)[16]:
| 79 84 bc 65 07 38 e9 3b 0b a5 11 1e e4 ad 96 46 |y..e.8.;.......F|
Plaintext[2]:
| 01 00                                           |..              |
